<?xml version="1.0" encoding="UTF-8"?>
<testsuites name="Trial Running 06-07-2022" time="367.113" tests="7" failures="2" errors="0">
   <testsuite name="Trial Running 06-07-2022" tests="7" failures="2" errors="0" time="367.113" skipped="0" timestamp="2022-07-06 21:43:53" hostname="ASUS ROG - LAPTOP-9SBQVLN0" id="Test Suites/Trial Running 06-07-2022">
      <properties>
         <property name="deviceName" value=""/>
         <property name="devicePlatform" value=""/>
         <property name="logFolder" value="D:\\DOT\\QA Automation Bootcamp\\demo-midtrans\\Reports\\20220706_214350\\Trial Running 06-07-2022\\20220706_214350"/>
         <property name="logFiles" value="D:\\DOT\\QA Automation Bootcamp\\demo-midtrans\\Reports\\20220706_214350\\Trial Running 06-07-2022\\20220706_214350\\execution0.log"/>
         <property name="attachments" value="D:\\DOT\\QA Automation Bootcamp\\demo-midtrans\\Reports\\20220706_214350\\Trial Running 06-07-2022\\20220706_214350\\1657118667421.png, D:\\DOT\\QA Automation Bootcamp\\demo-midtrans\\Reports\\20220706_214350\\Trial Running 06-07-2022\\20220706_214350\\1657118690149.png, D:\\DOT\\QA Automation Bootcamp\\demo-midtrans\\Reports\\20220706_214350\\Trial Running 06-07-2022\\20220706_214350\\1657118712753.png, D:\\DOT\\QA Automation Bootcamp\\demo-midtrans\\Reports\\20220706_214350\\Trial Running 06-07-2022\\20220706_214350\\1657118735095.png, D:\\DOT\\QA Automation Bootcamp\\demo-midtrans\\Reports\\20220706_214350\\Trial Running 06-07-2022\\20220706_214350\\1657118763479.png, D:\\DOT\\QA Automation Bootcamp\\demo-midtrans\\Reports\\20220706_214350\\Trial Running 06-07-2022\\20220706_214350\\1657118782604.png, D:\\DOT\\QA Automation Bootcamp\\demo-midtrans\\Reports\\20220706_214350\\Trial Running 06-07-2022\\20220706_214350\\1657118808213.png, D:\\DOT\\QA Automation Bootcamp\\demo-midtrans\\Reports\\20220706_214350\\Trial Running 06-07-2022\\20220706_214350\\1657118808550.png, D:\\DOT\\QA Automation Bootcamp\\demo-midtrans\\Reports\\20220706_214350\\Trial Running 06-07-2022\\20220706_214350\\1657118834037.png, D:\\DOT\\QA Automation Bootcamp\\demo-midtrans\\Reports\\20220706_214350\\Trial Running 06-07-2022\\20220706_214350\\1657118834317.png, D:\\DOT\\QA Automation Bootcamp\\demo-midtrans\\Reports\\20220706_214350\\Trial Running 06-07-2022\\20220706_214350\\1657118859810.png, D:\\DOT\\QA Automation Bootcamp\\demo-midtrans\\Reports\\20220706_214350\\Trial Running 06-07-2022\\20220706_214350\\1657118860093.png, D:\\DOT\\QA Automation Bootcamp\\demo-midtrans\\Reports\\20220706_214350\\Trial Running 06-07-2022\\20220706_214350\\1657118884929.png, D:\\DOT\\QA Automation Bootcamp\\demo-midtrans\\Reports\\20220706_214350\\Trial Running 06-07-2022\\20220706_214350\\1657118885686.png, D:\\DOT\\QA Automation Bootcamp\\demo-midtrans\\Reports\\20220706_214350\\Trial Running 06-07-2022\\20220706_214350\\1657118914619.png, D:\\DOT\\QA Automation Bootcamp\\demo-midtrans\\Reports\\20220706_214350\\Trial Running 06-07-2022\\20220706_214350\\1657118942622.png, D:\\DOT\\QA Automation Bootcamp\\demo-midtrans\\Reports\\20220706_214350\\Trial Running 06-07-2022\\20220706_214350\\1657118971315.png, D:\\DOT\\QA Automation Bootcamp\\demo-midtrans\\Reports\\20220706_214350\\Trial Running 06-07-2022\\20220706_214350\\1657119000401.png"/>
         <property name="hostName" value="ASUS ROG - LAPTOP-9SBQVLN0"/>
         <property name="os" value="Windows 10 64bit"/>
         <property name="katalonVersion" value="8.3.5.208"/>
         <property name="browser" value="Chrome 103.0.5060.114"/>
         <property name="hostAddress" value="192.168.100.217"/>
         <property name="sessionId" value="58253803cbc83e13c6a7b90cefcc56b6"/>
         <property name="seleniumVersion" value="3.141.59"/>
         <property name="proxyInformation" value="ProxyInformation { proxyOption=NO_PROXY, proxyServerType=HTTP, username=, password=********, proxyServerAddress=, proxyServerPort=0, executionList=&quot;&quot;, isApplyToDesiredCapabilities=true }"/>
         <property name="platform" value="Windows 10"/>
      </properties>
      <testcase name="Test Cases/Success/DM4 - Sukses checkout dengan Promo installment" time="22.122" classname="Test Cases/Success/DM4 - Sukses checkout dengan Promo installment" status="PASSED">
         <system-out><![CDATA[2022-07-06 21:44:28 - [TEST_CASE][PASSED] - Test Cases/Success/DM4 - Sukses checkout dengan Promo installment: Test Cases/Success/DM4 - Sukses checkout dengan Promo installment

2022-07-06 21:44:28 - [TEST_STEP][PASSED] - openBrowser(""): Browser is opened with url: ''

2022-07-06 21:44:28 - [MESSAGE][WARNING] - A browser is already opened. Closing browser and opening a new one

2022-07-06 21:44:29 - [MESSAGE][INFO] - Starting 'Chrome' driver

2022-07-06 21:44:29 - [MESSAGE][INFO] - Action delay is set to 0 milliseconds

2022-07-06 21:44:30 - [MESSAGE][PASSED] - Browser is opened with url: ''

2022-07-06 21:44:30 - [TEST_STEP][PASSED] - navigateToUrl(base_url): Navigate to 'https://demo.midtrans.com/' successfully

2022-07-06 21:44:32 - [MESSAGE][PASSED] - Navigate to 'https://demo.midtrans.com/' successfully

2022-07-06 21:44:32 - [TEST_STEP][PASSED] - maximizeWindow(): Current window maximized

2022-07-06 21:44:32 - [MESSAGE][PASSED] - Current window maximized

2022-07-06 21:44:32 - [TEST_STEP][PASSED] - priceTag = ", "").replace(",", ""): Text of object 'Object Repository/Landing Page/priceTag' is: '20,000'

2022-07-06 21:44:33 - [MESSAGE][PASSED] - Text of object 'Object Repository/Landing Page/priceTag' is: '20,000'

2022-07-06 21:44:33 - [TEST_STEP][PASSED] - verifyMatch(priceTag, findTestData("checkout_data").getValue(3, 1), false): Actual text '20000' and expected text '20000' are matched 

2022-07-06 21:44:33 - [MESSAGE][PASSED] - Actual text '20000' and expected text '20000' are matched 

2022-07-06 21:44:33 - [TEST_STEP][PASSED] - click(findTestObject("Landing Page/buyNowBtn")): Object: 'Object Repository/Landing Page/buyNowBtn' is clicked on

2022-07-06 21:44:33 - [MESSAGE][PASSED] - Object: 'Object Repository/Landing Page/buyNowBtn' is clicked on

2022-07-06 21:44:33 - [TEST_STEP][PASSED] - qtyField = replace("×", "").replace(" ", ""): Text of object 'Object Repository/Checkout Page/qtyField' is: '× 1'

2022-07-06 21:44:34 - [MESSAGE][PASSED] - Text of object 'Object Repository/Checkout Page/qtyField' is: '× 1'

2022-07-06 21:44:34 - [TEST_STEP][PASSED] - verifyMatch(qtyField, findTestData("checkout_data").getValue(2, 1), false): Actual text '1' and expected text '1' are matched 

2022-07-06 21:44:34 - [MESSAGE][PASSED] - Actual text '1' and expected text '1' are matched 

2022-07-06 21:44:34 - [TEST_STEP][PASSED] - verifyElementAttributeValue(findTestObject("Checkout Page/amountField"), "value", findTestData("checkout_data").getValue(3, 1), 0): Object 'Object Repository/Checkout Page/amountField' has attribute 'value' with value '20000'

2022-07-06 21:44:34 - [MESSAGE][WARNING] - Timeout '0' is invalid. Using default page load timeout: '10'

2022-07-06 21:44:34 - [MESSAGE][PASSED] - Object 'Object Repository/Checkout Page/amountField' has attribute 'value' with value '20000'

2022-07-06 21:44:34 - [TEST_STEP][PASSED] - totalAmountField = getText(findTestObject("Checkout Page/totalAmountField")).replace(",", ""): Text of object 'Object Repository/Checkout Page/totalAmountField' is: '20,000'

2022-07-06 21:44:35 - [MESSAGE][PASSED] - Text of object 'Object Repository/Checkout Page/totalAmountField' is: '20,000'

2022-07-06 21:44:35 - [TEST_STEP][PASSED] - verifyMatch(totalAmountField, findTestData("checkout_data").getValue(4, 1), false): Actual text '20000' and expected text '20000' are matched 

2022-07-06 21:44:35 - [MESSAGE][PASSED] - Actual text '20000' and expected text '20000' are matched 

2022-07-06 21:44:35 - [TEST_STEP][PASSED] - setText(findTestObject("Checkout Page/nameField"), findTestData("checkout_data").getValue(5, 1)): Text 'Jhon doe' is set on object 'Object Repository/Checkout Page/nameField'

2022-07-06 21:44:36 - [MESSAGE][PASSED] - Text 'Jhon doe' is set on object 'Object Repository/Checkout Page/nameField'

2022-07-06 21:44:36 - [TEST_STEP][PASSED] - setText(findTestObject("Checkout Page/emailField"), findTestData("checkout_data").getValue(6, 1)): Text 'jhondoe@gmail.com' is set on object 'Object Repository/Checkout Page/emailField'

2022-07-06 21:44:37 - [MESSAGE][PASSED] - Text 'jhondoe@gmail.com' is set on object 'Object Repository/Checkout Page/emailField'

2022-07-06 21:44:37 - [TEST_STEP][PASSED] - setText(findTestObject("Checkout Page/phoneField"), findTestData("checkout_data").getValue(7, 1)): Text '+6282230337651' is set on object 'Object Repository/Checkout Page/phoneField'

2022-07-06 21:44:37 - [MESSAGE][PASSED] - Text '+6282230337651' is set on object 'Object Repository/Checkout Page/phoneField'

2022-07-06 21:44:37 - [TEST_STEP][PASSED] - setText(findTestObject("Checkout Page/cityField"), findTestData("checkout_data").getValue(8, 1)): Text 'Malang' is set on object 'Object Repository/Checkout Page/cityField'

2022-07-06 21:44:38 - [MESSAGE][PASSED] - Text 'Malang' is set on object 'Object Repository/Checkout Page/cityField'

2022-07-06 21:44:38 - [TEST_STEP][PASSED] - setText(findTestObject("Checkout Page/addressField"), findTestData("checkout_data").getValue(9, 1)): Text 'Jl. Soekarno Hatta' is set on object 'Object Repository/Checkout Page/addressField'

2022-07-06 21:44:39 - [MESSAGE][PASSED] - Text 'Jl. Soekarno Hatta' is set on object 'Object Repository/Checkout Page/addressField'

2022-07-06 21:44:39 - [TEST_STEP][PASSED] - setText(findTestObject("Checkout Page/postalCodeField"), findTestData("checkout_data").getValue(10, 1)): Text '65141' is set on object 'Object Repository/Checkout Page/postalCodeField'

2022-07-06 21:44:40 - [MESSAGE][PASSED] - Text '65141' is set on object 'Object Repository/Checkout Page/postalCodeField'

2022-07-06 21:44:40 - [TEST_STEP][PASSED] - click(findTestObject("Checkout Page/checkoutBtn")): Object: 'Object Repository/Checkout Page/checkoutBtn' is clicked on

2022-07-06 21:44:40 - [MESSAGE][PASSED] - Object: 'Object Repository/Checkout Page/checkoutBtn' is clicked on

2022-07-06 21:44:40 - [TEST_STEP][PASSED] - switchToFrame(findTestObject("Summary Order/iFrameSummaryOrder"), 30): null

2022-07-06 21:44:41 - [TEST_STEP][PASSED] - totalAmountAtas = replace("Rp", "").replace(".", ""): Text of object 'Object Repository/Summary Order/orderData/amountTotalHeader' is: 'Rp20.000'

2022-07-06 21:44:42 - [MESSAGE][PASSED] - Text of object 'Object Repository/Summary Order/orderData/amountTotalHeader' is: 'Rp20.000'

2022-07-06 21:44:42 - [TEST_STEP][PASSED] - verifyMatch(totalAmountAtas, totalAmountField, false): Actual text '20000' and expected text '20000' are matched 

2022-07-06 21:44:42 - [MESSAGE][PASSED] - Actual text '20000' and expected text '20000' are matched 

2022-07-06 21:44:42 - [TEST_STEP][PASSED] - orderIdText = getText(findTestObject("Summary Order/orderData/orderID")): Text of object 'Object Repository/Summary Order/orderData/orderID' is: 'Order ID #sample-store-1657118682'

2022-07-06 21:44:42 - [MESSAGE][PASSED] - Text of object 'Object Repository/Summary Order/orderData/orderID' is: 'Order ID #sample-store-1657118682'

2022-07-06 21:44:42 - [TEST_STEP][PASSED] - click(findTestObject("Summary Order/expandSummaryOrder")): Object: 'Object Repository/Summary Order/expandSummaryOrder' is clicked on

2022-07-06 21:44:42 - [MESSAGE][PASSED] - Object: 'Object Repository/Summary Order/expandSummaryOrder' is clicked on

2022-07-06 21:44:42 - [TEST_STEP][PASSED] - totalAmountBawah = replace("Rp", "").replace(".", ""): Text of object 'Object Repository/Summary Order/orderData/amountOrderSummary' is: 'Rp20.000'

2022-07-06 21:44:42 - [MESSAGE][PASSED] - Text of object 'Object Repository/Summary Order/orderData/amountOrderSummary' is: 'Rp20.000'

2022-07-06 21:44:42 - [TEST_STEP][PASSED] - verifyMatch(totalAmountBawah, totalAmountAtas, false): Actual text '20000' and expected text '20000' are matched 

2022-07-06 21:44:42 - [MESSAGE][PASSED] - Actual text '20000' and expected text '20000' are matched 

2022-07-06 21:44:42 - [TEST_STEP][PASSED] - verifyElementText(findTestObject("Summary Order/orderData/name"), findTestData("checkout_data").getValue(5, 1)): Actual text and expected text of test object 'Object Repository/Summary Order/orderData/name' are matched.

2022-07-06 21:44:43 - [MESSAGE][PASSED] - Actual text and expected text of test object 'Object Repository/Summary Order/orderData/name' are matched.

2022-07-06 21:44:43 - [TEST_STEP][PASSED] - verifyElementText(findTestObject("Summary Order/orderData/phone"), findTestData("checkout_data").getValue(7, 1)): Actual text and expected text of test object 'Object Repository/Summary Order/orderData/phone' are matched.

2022-07-06 21:44:43 - [MESSAGE][PASSED] - Actual text and expected text of test object 'Object Repository/Summary Order/orderData/phone' are matched.

2022-07-06 21:44:43 - [TEST_STEP][PASSED] - click(findTestObject("Summary Order/expandSummaryOrder")): Object: 'Object Repository/Summary Order/expandSummaryOrder' is clicked on

2022-07-06 21:44:43 - [MESSAGE][PASSED] - Object: 'Object Repository/Summary Order/expandSummaryOrder' is clicked on

2022-07-06 21:44:43 - [TEST_STEP][PASSED] - click(findTestObject("paymentMethod/creditCard")): Object: 'Object Repository/paymentMethod/creditCard' is clicked on

2022-07-06 21:44:43 - [MESSAGE][PASSED] - Object: 'Object Repository/paymentMethod/creditCard' is clicked on

2022-07-06 21:44:43 - [TEST_STEP][PASSED] - setText(findTestObject("fieldCreditCard/cardNumberField"), findTestData("credit_card").getValue(1, 4)): Text '4811111111111114' is set on object 'Object Repository/fieldCreditCard/cardNumberField'

2022-07-06 21:44:44 - [MESSAGE][PASSED] - Text '4811111111111114' is set on object 'Object Repository/fieldCreditCard/cardNumberField'

2022-07-06 21:44:44 - [TEST_STEP][PASSED] - setText(findTestObject("fieldCreditCard/expirationDateField"), findTestData("credit_card").getValue(2, 4)): Text '0125' is set on object 'Object Repository/fieldCreditCard/expirationDateField'

2022-07-06 21:44:44 - [MESSAGE][PASSED] - Text '0125' is set on object 'Object Repository/fieldCreditCard/expirationDateField'

2022-07-06 21:44:44 - [TEST_STEP][PASSED] - setText(findTestObject("fieldCreditCard/cvvField"), findTestData("credit_card").getValue(3, 4)): Text '123' is set on object 'Object Repository/fieldCreditCard/cvvField'

2022-07-06 21:44:45 - [MESSAGE][PASSED] - Text '123' is set on object 'Object Repository/fieldCreditCard/cvvField'

2022-07-06 21:44:45 - [TEST_STEP][PASSED] - check(findTestObject("promo/promoInstallment")): Object 'Object Repository/promo/promoInstallment' is checked

2022-07-06 21:44:45 - [MESSAGE][PASSED] - Object 'Object Repository/promo/promoInstallment' is checked

2022-07-06 21:44:45 - [TEST_STEP][PASSED] - valueInstallment = replace("-Rp", "").replace(".", ""): Text of object 'Object Repository/promo/valueInstallment' is: '-Rp5.000'

2022-07-06 21:44:45 - [MESSAGE][PASSED] - Text of object 'Object Repository/promo/valueInstallment' is: '-Rp5.000'

2022-07-06 21:44:45 - [TEST_STEP][PASSED] - verifyMatch(valueInstallment, findTestData("promo").getValue(2, 1), false): Actual text '5000' and expected text '5000' are matched 

2022-07-06 21:44:45 - [MESSAGE][PASSED] - Actual text '5000' and expected text '5000' are matched 

2022-07-06 21:44:45 - [TEST_STEP][PASSED] - amountAfterPromo = replace("Rp", "").replace(".", ""): Text of object 'Object Repository/Summary Order/orderData/amountTotalHeader' is: 'Rp15.000'

2022-07-06 21:44:45 - [MESSAGE][PASSED] - Text of object 'Object Repository/Summary Order/orderData/amountTotalHeader' is: 'Rp15.000'

2022-07-06 21:44:45 - [TEST_STEP][PASSED] - verifyMatch(amountAfterPromo, findTestData("promo").getValue(4, 1), false): Actual text '15000' and expected text '15000' are matched 

2022-07-06 21:44:45 - [MESSAGE][PASSED] - Actual text '15000' and expected text '15000' are matched 

2022-07-06 21:44:45 - [TEST_STEP][PASSED] - click(findTestObject("paymentMethod/paynowBtn")): Object: 'Object Repository/paymentMethod/paynowBtn' is clicked on

2022-07-06 21:44:45 - [MESSAGE][PASSED] - Object: 'Object Repository/paymentMethod/paynowBtn' is clicked on

2022-07-06 21:44:45 - [TEST_STEP][PASSED] - switchToFrame(findTestObject("Confirm OTP credit Card/iframeConfirmOTP"), 30): null

2022-07-06 21:44:45 - [TEST_STEP][PASSED] - setText(findTestObject("Confirm OTP credit Card/otpField"), findTestData("credit_card").getValue(4, 4)): Text '112233' is set on object 'Object Repository/Confirm OTP credit Card/otpField'

2022-07-06 21:44:48 - [MESSAGE][PASSED] - Text '112233' is set on object 'Object Repository/Confirm OTP credit Card/otpField'

2022-07-06 21:44:48 - [TEST_STEP][PASSED] - click(findTestObject("Confirm OTP credit Card/submitOTP")): Object: 'Object Repository/Confirm OTP credit Card/submitOTP' is clicked on

2022-07-06 21:44:49 - [MESSAGE][PASSED] - Object: 'Object Repository/Confirm OTP credit Card/submitOTP' is clicked on

2022-07-06 21:44:49 - [TEST_STEP][PASSED] - switchToDefaultContent(): null

2022-07-06 21:44:49 - [TEST_STEP][PASSED] - switchToFrame(findTestObject("Summary Order/iFrameSummaryOrder"), 30): null

2022-07-06 21:44:49 - [TEST_STEP][PASSED] - verifyElementText(findTestObject("Status Payment/statusPayment"), findTestData("credit_card").getValue(5, 4)): Actual text and expected text of test object 'Object Repository/Status Payment/statusPayment' are matched.

2022-07-06 21:44:49 - [MESSAGE][PASSED] - Actual text and expected text of test object 'Object Repository/Status Payment/statusPayment' are matched.

2022-07-06 21:44:49 - [TEST_STEP][PASSED] - totalAmountFinal = replace("Rp", "").replace(".", ""): Text of object 'Object Repository/Status Payment/amountTotal' is: 'Rp15.000'

2022-07-06 21:44:49 - [MESSAGE][PASSED] - Text of object 'Object Repository/Status Payment/amountTotal' is: 'Rp15.000'

2022-07-06 21:44:49 - [TEST_STEP][PASSED] - verifyMatch(totalAmountFinal, amountAfterPromo, false): Actual text '15000' and expected text '15000' are matched 

2022-07-06 21:44:49 - [MESSAGE][PASSED] - Actual text '15000' and expected text '15000' are matched 

2022-07-06 21:44:49 - [TEST_STEP][PASSED] - infoOrderID = getText(findTestObject("Status Payment/infoOrderID")): Text of object 'Object Repository/Status Payment/infoOrderID' is: 'Order ID #sample-store-1657118682'

2022-07-06 21:44:50 - [MESSAGE][PASSED] - Text of object 'Object Repository/Status Payment/infoOrderID' is: 'Order ID #sample-store-1657118682'

2022-07-06 21:44:50 - [TEST_STEP][PASSED] - verifyMatch(infoOrderID, orderIdText, false): Actual text 'Order ID #sample-store-1657118682' and expected text 'Order ID #sample-store-1657118682' are matched 

2022-07-06 21:44:50 - [MESSAGE][PASSED] - Actual text 'Order ID #sample-store-1657118682' and expected text 'Order ID #sample-store-1657118682' are matched 

2022-07-06 21:44:50 - [TEST_STEP][PASSED] - takeScreenshot(): Taking screenshot successfully

2022-07-06 21:44:50 - [MESSAGE][PASSED] - Taking screenshot successfully
[[ATTACHMENT|D:\\DOT\\QA Automation Bootcamp\\demo-midtrans\\Reports\\20220706_214350\\Trial Running 06-07-2022\\20220706_214350\\1657118690149.png]]]]></system-out>
         <system-err><![CDATA[]]></system-err>
      </testcase>
      <testcase name="Test Cases/Success/DM5 - Sukses checkout dengan Promo potongan 10" time="22.735" classname="Test Cases/Success/DM5 - Sukses checkout dengan Promo potongan 10" status="PASSED">
         <system-out><![CDATA[2022-07-06 21:44:50 - [TEST_CASE][PASSED] - Test Cases/Success/DM5 - Sukses checkout dengan Promo potongan 10: Test Cases/Success/DM5 - Sukses checkout dengan Promo potongan 10

2022-07-06 21:44:50 - [TEST_STEP][PASSED] - openBrowser(""): Browser is opened with url: ''

2022-07-06 21:44:50 - [MESSAGE][WARNING] - A browser is already opened. Closing browser and opening a new one

2022-07-06 21:44:51 - [MESSAGE][INFO] - Starting 'Chrome' driver

2022-07-06 21:44:51 - [MESSAGE][INFO] - Action delay is set to 0 milliseconds

2022-07-06 21:44:53 - [MESSAGE][PASSED] - Browser is opened with url: ''

2022-07-06 21:44:53 - [TEST_STEP][PASSED] - navigateToUrl(base_url): Navigate to 'https://demo.midtrans.com/' successfully

2022-07-06 21:44:54 - [MESSAGE][PASSED] - Navigate to 'https://demo.midtrans.com/' successfully

2022-07-06 21:44:54 - [TEST_STEP][PASSED] - maximizeWindow(): Current window maximized

2022-07-06 21:44:54 - [MESSAGE][PASSED] - Current window maximized

2022-07-06 21:44:54 - [TEST_STEP][PASSED] - priceTag = ", "").replace(",", ""): Text of object 'Object Repository/Landing Page/priceTag' is: '20,000'

2022-07-06 21:44:55 - [MESSAGE][PASSED] - Text of object 'Object Repository/Landing Page/priceTag' is: '20,000'

2022-07-06 21:44:55 - [TEST_STEP][PASSED] - verifyMatch(priceTag, findTestData("checkout_data").getValue(3, 1), false): Actual text '20000' and expected text '20000' are matched 

2022-07-06 21:44:55 - [MESSAGE][PASSED] - Actual text '20000' and expected text '20000' are matched 

2022-07-06 21:44:55 - [TEST_STEP][PASSED] - click(findTestObject("Landing Page/buyNowBtn")): Object: 'Object Repository/Landing Page/buyNowBtn' is clicked on

2022-07-06 21:44:55 - [MESSAGE][PASSED] - Object: 'Object Repository/Landing Page/buyNowBtn' is clicked on

2022-07-06 21:44:55 - [TEST_STEP][PASSED] - qtyField = replace("×", "").replace(" ", ""): Text of object 'Object Repository/Checkout Page/qtyField' is: '× 1'

2022-07-06 21:44:56 - [MESSAGE][PASSED] - Text of object 'Object Repository/Checkout Page/qtyField' is: '× 1'

2022-07-06 21:44:56 - [TEST_STEP][PASSED] - verifyMatch(qtyField, findTestData("checkout_data").getValue(2, 1), false): Actual text '1' and expected text '1' are matched 

2022-07-06 21:44:56 - [MESSAGE][PASSED] - Actual text '1' and expected text '1' are matched 

2022-07-06 21:44:56 - [TEST_STEP][PASSED] - verifyElementAttributeValue(findTestObject("Checkout Page/amountField"), "value", findTestData("checkout_data").getValue(3, 1), 0): Object 'Object Repository/Checkout Page/amountField' has attribute 'value' with value '20000'

2022-07-06 21:44:56 - [MESSAGE][WARNING] - Timeout '0' is invalid. Using default page load timeout: '10'

2022-07-06 21:44:56 - [MESSAGE][PASSED] - Object 'Object Repository/Checkout Page/amountField' has attribute 'value' with value '20000'

2022-07-06 21:44:56 - [TEST_STEP][PASSED] - totalAmountField = getText(findTestObject("Checkout Page/totalAmountField")).replace(",", ""): Text of object 'Object Repository/Checkout Page/totalAmountField' is: '20,000'

2022-07-06 21:44:57 - [MESSAGE][PASSED] - Text of object 'Object Repository/Checkout Page/totalAmountField' is: '20,000'

2022-07-06 21:44:57 - [TEST_STEP][PASSED] - verifyMatch(totalAmountField, findTestData("checkout_data").getValue(4, 1), false): Actual text '20000' and expected text '20000' are matched 

2022-07-06 21:44:57 - [MESSAGE][PASSED] - Actual text '20000' and expected text '20000' are matched 

2022-07-06 21:44:57 - [TEST_STEP][PASSED] - setText(findTestObject("Checkout Page/nameField"), findTestData("checkout_data").getValue(5, 1)): Text 'Jhon doe' is set on object 'Object Repository/Checkout Page/nameField'

2022-07-06 21:44:58 - [MESSAGE][PASSED] - Text 'Jhon doe' is set on object 'Object Repository/Checkout Page/nameField'

2022-07-06 21:44:58 - [TEST_STEP][PASSED] - setText(findTestObject("Checkout Page/emailField"), findTestData("checkout_data").getValue(6, 1)): Text 'jhondoe@gmail.com' is set on object 'Object Repository/Checkout Page/emailField'

2022-07-06 21:44:58 - [MESSAGE][PASSED] - Text 'jhondoe@gmail.com' is set on object 'Object Repository/Checkout Page/emailField'

2022-07-06 21:44:58 - [TEST_STEP][PASSED] - setText(findTestObject("Checkout Page/phoneField"), findTestData("checkout_data").getValue(7, 1)): Text '+6282230337651' is set on object 'Object Repository/Checkout Page/phoneField'

2022-07-06 21:44:59 - [MESSAGE][PASSED] - Text '+6282230337651' is set on object 'Object Repository/Checkout Page/phoneField'

2022-07-06 21:44:59 - [TEST_STEP][PASSED] - setText(findTestObject("Checkout Page/cityField"), findTestData("checkout_data").getValue(8, 1)): Text 'Malang' is set on object 'Object Repository/Checkout Page/cityField'

2022-07-06 21:45:00 - [MESSAGE][PASSED] - Text 'Malang' is set on object 'Object Repository/Checkout Page/cityField'

2022-07-06 21:45:00 - [TEST_STEP][PASSED] - setText(findTestObject("Checkout Page/addressField"), findTestData("checkout_data").getValue(9, 1)): Text 'Jl. Soekarno Hatta' is set on object 'Object Repository/Checkout Page/addressField'

2022-07-06 21:45:01 - [MESSAGE][PASSED] - Text 'Jl. Soekarno Hatta' is set on object 'Object Repository/Checkout Page/addressField'

2022-07-06 21:45:01 - [TEST_STEP][PASSED] - setText(findTestObject("Checkout Page/postalCodeField"), findTestData("checkout_data").getValue(10, 1)): Text '65141' is set on object 'Object Repository/Checkout Page/postalCodeField'

2022-07-06 21:45:02 - [MESSAGE][PASSED] - Text '65141' is set on object 'Object Repository/Checkout Page/postalCodeField'

2022-07-06 21:45:02 - [TEST_STEP][PASSED] - click(findTestObject("Checkout Page/checkoutBtn")): Object: 'Object Repository/Checkout Page/checkoutBtn' is clicked on

2022-07-06 21:45:02 - [MESSAGE][PASSED] - Object: 'Object Repository/Checkout Page/checkoutBtn' is clicked on

2022-07-06 21:45:02 - [TEST_STEP][PASSED] - switchToFrame(findTestObject("Summary Order/iFrameSummaryOrder"), 30): null

2022-07-06 21:45:03 - [TEST_STEP][PASSED] - totalAmountAtas = replace("Rp", "").replace(".", ""): Text of object 'Object Repository/Summary Order/orderData/amountTotalHeader' is: 'Rp20.000'

2022-07-06 21:45:04 - [MESSAGE][PASSED] - Text of object 'Object Repository/Summary Order/orderData/amountTotalHeader' is: 'Rp20.000'

2022-07-06 21:45:04 - [TEST_STEP][PASSED] - verifyMatch(totalAmountAtas, totalAmountField, false): Actual text '20000' and expected text '20000' are matched 

2022-07-06 21:45:04 - [MESSAGE][PASSED] - Actual text '20000' and expected text '20000' are matched 

2022-07-06 21:45:04 - [TEST_STEP][PASSED] - orderIdText = getText(findTestObject("Summary Order/orderData/orderID")): Text of object 'Object Repository/Summary Order/orderData/orderID' is: 'Order ID #sample-store-1657118704'

2022-07-06 21:45:04 - [MESSAGE][PASSED] - Text of object 'Object Repository/Summary Order/orderData/orderID' is: 'Order ID #sample-store-1657118704'

2022-07-06 21:45:04 - [TEST_STEP][PASSED] - click(findTestObject("Summary Order/expandSummaryOrder")): Object: 'Object Repository/Summary Order/expandSummaryOrder' is clicked on

2022-07-06 21:45:05 - [MESSAGE][PASSED] - Object: 'Object Repository/Summary Order/expandSummaryOrder' is clicked on

2022-07-06 21:45:05 - [TEST_STEP][PASSED] - totalAmountBawah = replace("Rp", "").replace(".", ""): Text of object 'Object Repository/Summary Order/orderData/amountOrderSummary' is: 'Rp20.000'

2022-07-06 21:45:05 - [MESSAGE][PASSED] - Text of object 'Object Repository/Summary Order/orderData/amountOrderSummary' is: 'Rp20.000'

2022-07-06 21:45:05 - [TEST_STEP][PASSED] - verifyMatch(totalAmountBawah, totalAmountAtas, false): Actual text '20000' and expected text '20000' are matched 

2022-07-06 21:45:05 - [MESSAGE][PASSED] - Actual text '20000' and expected text '20000' are matched 

2022-07-06 21:45:05 - [TEST_STEP][PASSED] - verifyElementText(findTestObject("Summary Order/orderData/name"), findTestData("checkout_data").getValue(5, 1)): Actual text and expected text of test object 'Object Repository/Summary Order/orderData/name' are matched.

2022-07-06 21:45:05 - [MESSAGE][PASSED] - Actual text and expected text of test object 'Object Repository/Summary Order/orderData/name' are matched.

2022-07-06 21:45:05 - [TEST_STEP][PASSED] - verifyElementText(findTestObject("Summary Order/orderData/phone"), findTestData("checkout_data").getValue(7, 1)): Actual text and expected text of test object 'Object Repository/Summary Order/orderData/phone' are matched.

2022-07-06 21:45:05 - [MESSAGE][PASSED] - Actual text and expected text of test object 'Object Repository/Summary Order/orderData/phone' are matched.

2022-07-06 21:45:05 - [TEST_STEP][PASSED] - click(findTestObject("Summary Order/expandSummaryOrder")): Object: 'Object Repository/Summary Order/expandSummaryOrder' is clicked on

2022-07-06 21:45:06 - [MESSAGE][PASSED] - Object: 'Object Repository/Summary Order/expandSummaryOrder' is clicked on

2022-07-06 21:45:06 - [TEST_STEP][PASSED] - click(findTestObject("paymentMethod/creditCard")): Object: 'Object Repository/paymentMethod/creditCard' is clicked on

2022-07-06 21:45:06 - [MESSAGE][PASSED] - Object: 'Object Repository/paymentMethod/creditCard' is clicked on

2022-07-06 21:45:06 - [TEST_STEP][PASSED] - setText(findTestObject("fieldCreditCard/cardNumberField"), findTestData("credit_card").getValue(1, 4)): Text '4811111111111114' is set on object 'Object Repository/fieldCreditCard/cardNumberField'

2022-07-06 21:45:06 - [MESSAGE][PASSED] - Text '4811111111111114' is set on object 'Object Repository/fieldCreditCard/cardNumberField'

2022-07-06 21:45:06 - [TEST_STEP][PASSED] - setText(findTestObject("fieldCreditCard/expirationDateField"), findTestData("credit_card").getValue(2, 4)): Text '0125' is set on object 'Object Repository/fieldCreditCard/expirationDateField'

2022-07-06 21:45:07 - [MESSAGE][PASSED] - Text '0125' is set on object 'Object Repository/fieldCreditCard/expirationDateField'

2022-07-06 21:45:07 - [TEST_STEP][PASSED] - setText(findTestObject("fieldCreditCard/cvvField"), findTestData("credit_card").getValue(3, 4)): Text '123' is set on object 'Object Repository/fieldCreditCard/cvvField'

2022-07-06 21:45:07 - [MESSAGE][PASSED] - Text '123' is set on object 'Object Repository/fieldCreditCard/cvvField'

2022-07-06 21:45:07 - [TEST_STEP][PASSED] - check(findTestObject("promo/demoPromoEngine")): Object 'Object Repository/promo/demoPromoEngine' is checked

2022-07-06 21:45:07 - [MESSAGE][PASSED] - Object 'Object Repository/promo/demoPromoEngine' is checked

2022-07-06 21:45:07 - [TEST_STEP][PASSED] - valueInstallment = replace("-Rp", "").replace(".", ""): Text of object 'Object Repository/promo/valueDemoEngine' is: '-Rp2.000'

2022-07-06 21:45:07 - [MESSAGE][PASSED] - Text of object 'Object Repository/promo/valueDemoEngine' is: '-Rp2.000'

2022-07-06 21:45:07 - [TEST_STEP][PASSED] - verifyMatch(valueInstallment, findTestData("promo").getValue(2, 2), false): Actual text '2000' and expected text '2000' are matched 

2022-07-06 21:45:07 - [MESSAGE][PASSED] - Actual text '2000' and expected text '2000' are matched 

2022-07-06 21:45:07 - [TEST_STEP][PASSED] - amountAfterPromo = replace("Rp", "").replace(".", ""): Text of object 'Object Repository/Summary Order/orderData/amountTotalHeader' is: 'Rp18.000'

2022-07-06 21:45:08 - [MESSAGE][PASSED] - Text of object 'Object Repository/Summary Order/orderData/amountTotalHeader' is: 'Rp18.000'

2022-07-06 21:45:08 - [TEST_STEP][PASSED] - verifyMatch(amountAfterPromo, findTestData("promo").getValue(4, 2), false): Actual text '18000' and expected text '18000' are matched 

2022-07-06 21:45:08 - [MESSAGE][PASSED] - Actual text '18000' and expected text '18000' are matched 

2022-07-06 21:45:08 - [TEST_STEP][PASSED] - click(findTestObject("paymentMethod/paynowBtn")): Object: 'Object Repository/paymentMethod/paynowBtn' is clicked on

2022-07-06 21:45:08 - [MESSAGE][PASSED] - Object: 'Object Repository/paymentMethod/paynowBtn' is clicked on

2022-07-06 21:45:08 - [TEST_STEP][PASSED] - switchToFrame(findTestObject("Confirm OTP credit Card/iframeConfirmOTP"), 30): null

2022-07-06 21:45:08 - [TEST_STEP][PASSED] - setText(findTestObject("Confirm OTP credit Card/otpField"), findTestData("credit_card").getValue(4, 4)): Text '112233' is set on object 'Object Repository/Confirm OTP credit Card/otpField'

2022-07-06 21:45:10 - [MESSAGE][PASSED] - Text '112233' is set on object 'Object Repository/Confirm OTP credit Card/otpField'

2022-07-06 21:45:10 - [TEST_STEP][PASSED] - click(findTestObject("Confirm OTP credit Card/submitOTP")): Object: 'Object Repository/Confirm OTP credit Card/submitOTP' is clicked on

2022-07-06 21:45:11 - [MESSAGE][PASSED] - Object: 'Object Repository/Confirm OTP credit Card/submitOTP' is clicked on

2022-07-06 21:45:11 - [TEST_STEP][PASSED] - switchToDefaultContent(): null

2022-07-06 21:45:11 - [TEST_STEP][PASSED] - switchToFrame(findTestObject("Summary Order/iFrameSummaryOrder"), 30): null

2022-07-06 21:45:12 - [TEST_STEP][PASSED] - verifyElementText(findTestObject("Status Payment/statusPayment"), findTestData("credit_card").getValue(5, 4)): Actual text and expected text of test object 'Object Repository/Status Payment/statusPayment' are matched.

2022-07-06 21:45:12 - [MESSAGE][PASSED] - Actual text and expected text of test object 'Object Repository/Status Payment/statusPayment' are matched.

2022-07-06 21:45:12 - [TEST_STEP][PASSED] - totalAmountFinal = replace("Rp", "").replace(".", ""): Text of object 'Object Repository/Status Payment/amountTotal' is: 'Rp18.000'

2022-07-06 21:45:12 - [MESSAGE][PASSED] - Text of object 'Object Repository/Status Payment/amountTotal' is: 'Rp18.000'

2022-07-06 21:45:12 - [TEST_STEP][PASSED] - verifyMatch(totalAmountFinal, amountAfterPromo, false): Actual text '18000' and expected text '18000' are matched 

2022-07-06 21:45:12 - [MESSAGE][PASSED] - Actual text '18000' and expected text '18000' are matched 

2022-07-06 21:45:12 - [TEST_STEP][PASSED] - infoOrderID = getText(findTestObject("Status Payment/infoOrderID")): Text of object 'Object Repository/Status Payment/infoOrderID' is: 'Order ID #sample-store-1657118704'

2022-07-06 21:45:12 - [MESSAGE][PASSED] - Text of object 'Object Repository/Status Payment/infoOrderID' is: 'Order ID #sample-store-1657118704'

2022-07-06 21:45:12 - [TEST_STEP][PASSED] - verifyMatch(infoOrderID, orderIdText, false): Actual text 'Order ID #sample-store-1657118704' and expected text 'Order ID #sample-store-1657118704' are matched 

2022-07-06 21:45:12 - [MESSAGE][PASSED] - Actual text 'Order ID #sample-store-1657118704' and expected text 'Order ID #sample-store-1657118704' are matched 

2022-07-06 21:45:12 - [TEST_STEP][PASSED] - takeScreenshot(): Taking screenshot successfully

2022-07-06 21:45:13 - [MESSAGE][PASSED] - Taking screenshot successfully
[[ATTACHMENT|D:\\DOT\\QA Automation Bootcamp\\demo-midtrans\\Reports\\20220706_214350\\Trial Running 06-07-2022\\20220706_214350\\1657118712753.png]]]]></system-out>
         <system-err><![CDATA[]]></system-err>
      </testcase>
      <testcase name="Test Cases/Success/DM6 - Sukses checkout dan gagal menggunakan Promo Midtrans karena kuota habis" time="22.129" classname="Test Cases/Success/DM6 - Sukses checkout dan gagal menggunakan Promo Midtrans karena kuota habis" status="PASSED">
         <system-out><![CDATA[2022-07-06 21:45:13 - [TEST_CASE][PASSED] - Test Cases/Success/DM6 - Sukses checkout dan gagal menggunakan Promo Midtrans karena kuota habis: Test Cases/Success/DM6 - Sukses checkout dan gagal menggunakan Promo Midtrans karena kuota habis

2022-07-06 21:45:13 - [TEST_STEP][PASSED] - openBrowser(""): Browser is opened with url: ''

2022-07-06 21:45:13 - [MESSAGE][WARNING] - A browser is already opened. Closing browser and opening a new one

2022-07-06 21:45:14 - [MESSAGE][INFO] - Starting 'Chrome' driver

2022-07-06 21:45:14 - [MESSAGE][INFO] - Action delay is set to 0 milliseconds

2022-07-06 21:45:16 - [MESSAGE][PASSED] - Browser is opened with url: ''

2022-07-06 21:45:16 - [TEST_STEP][PASSED] - navigateToUrl(base_url): Navigate to 'https://demo.midtrans.com/' successfully

2022-07-06 21:45:17 - [MESSAGE][PASSED] - Navigate to 'https://demo.midtrans.com/' successfully

2022-07-06 21:45:17 - [TEST_STEP][PASSED] - click(findTestObject("Landing Page/buyNowBtn")): Object: 'Object Repository/Landing Page/buyNowBtn' is clicked on

2022-07-06 21:45:18 - [MESSAGE][PASSED] - Object: 'Object Repository/Landing Page/buyNowBtn' is clicked on

2022-07-06 21:45:18 - [TEST_STEP][PASSED] - maximizeWindow(): Current window maximized

2022-07-06 21:45:18 - [MESSAGE][PASSED] - Current window maximized

2022-07-06 21:45:18 - [TEST_STEP][PASSED] - verifyElementAttributeValue(findTestObject("Checkout Page/amountField"), "value", findTestData("checkout_data").getValue(3, 1), 0): Object 'Object Repository/Checkout Page/amountField' has attribute 'value' with value '20000'

2022-07-06 21:45:18 - [MESSAGE][WARNING] - Timeout '0' is invalid. Using default page load timeout: '10'

2022-07-06 21:45:19 - [MESSAGE][PASSED] - Object 'Object Repository/Checkout Page/amountField' has attribute 'value' with value '20000'

2022-07-06 21:45:19 - [TEST_STEP][PASSED] - setText(findTestObject("Checkout Page/nameField"), findTestData("checkout_data").getValue(5, 1)): Text 'Jhon doe' is set on object 'Object Repository/Checkout Page/nameField'

2022-07-06 21:45:20 - [MESSAGE][PASSED] - Text 'Jhon doe' is set on object 'Object Repository/Checkout Page/nameField'

2022-07-06 21:45:20 - [TEST_STEP][PASSED] - setText(findTestObject("Checkout Page/emailField"), findTestData("checkout_data").getValue(6, 1)): Text 'jhondoe@gmail.com' is set on object 'Object Repository/Checkout Page/emailField'

2022-07-06 21:45:21 - [MESSAGE][PASSED] - Text 'jhondoe@gmail.com' is set on object 'Object Repository/Checkout Page/emailField'

2022-07-06 21:45:21 - [TEST_STEP][PASSED] - setText(findTestObject("Checkout Page/phoneField"), findTestData("checkout_data").getValue(7, 1)): Text '+6282230337651' is set on object 'Object Repository/Checkout Page/phoneField'

2022-07-06 21:45:21 - [MESSAGE][PASSED] - Text '+6282230337651' is set on object 'Object Repository/Checkout Page/phoneField'

2022-07-06 21:45:21 - [TEST_STEP][PASSED] - setText(findTestObject("Checkout Page/cityField"), findTestData("checkout_data").getValue(8, 1)): Text 'Malang' is set on object 'Object Repository/Checkout Page/cityField'

2022-07-06 21:45:22 - [MESSAGE][PASSED] - Text 'Malang' is set on object 'Object Repository/Checkout Page/cityField'

2022-07-06 21:45:22 - [TEST_STEP][PASSED] - setText(findTestObject("Checkout Page/addressField"), findTestData("checkout_data").getValue(9, 1)): Text 'Jl. Soekarno Hatta' is set on object 'Object Repository/Checkout Page/addressField'

2022-07-06 21:45:23 - [MESSAGE][PASSED] - Text 'Jl. Soekarno Hatta' is set on object 'Object Repository/Checkout Page/addressField'

2022-07-06 21:45:23 - [TEST_STEP][PASSED] - setText(findTestObject("Checkout Page/postalCodeField"), findTestData("checkout_data").getValue(10, 1)): Text '65141' is set on object 'Object Repository/Checkout Page/postalCodeField'

2022-07-06 21:45:24 - [MESSAGE][PASSED] - Text '65141' is set on object 'Object Repository/Checkout Page/postalCodeField'

2022-07-06 21:45:24 - [TEST_STEP][PASSED] - click(findTestObject("Checkout Page/checkoutBtn")): Object: 'Object Repository/Checkout Page/checkoutBtn' is clicked on

2022-07-06 21:45:24 - [MESSAGE][PASSED] - Object: 'Object Repository/Checkout Page/checkoutBtn' is clicked on

2022-07-06 21:45:24 - [TEST_STEP][PASSED] - switchToFrame(findTestObject("Summary Order/iFrameSummaryOrder"), 30): null

2022-07-06 21:45:25 - [TEST_STEP][PASSED] - totalAmountText = getText(findTestObject("Summary Order/orderData/amountTotalHeader"), STOP_ON_FAILURE): Text of object 'Object Repository/Summary Order/orderData/amountTotalHeader' is: 'Rp20.000'

2022-07-06 21:45:26 - [MESSAGE][PASSED] - Text of object 'Object Repository/Summary Order/orderData/amountTotalHeader' is: 'Rp20.000'

2022-07-06 21:45:26 - [TEST_STEP][PASSED] - orderIdText = getText(findTestObject("Summary Order/orderData/orderID")): Text of object 'Object Repository/Summary Order/orderData/orderID' is: 'Order ID #sample-store-1657118726'

2022-07-06 21:45:26 - [MESSAGE][PASSED] - Text of object 'Object Repository/Summary Order/orderData/orderID' is: 'Order ID #sample-store-1657118726'

2022-07-06 21:45:26 - [TEST_STEP][PASSED] - click(findTestObject("Summary Order/expandSummaryOrder")): Object: 'Object Repository/Summary Order/expandSummaryOrder' is clicked on

2022-07-06 21:45:26 - [MESSAGE][PASSED] - Object: 'Object Repository/Summary Order/expandSummaryOrder' is clicked on

2022-07-06 21:45:26 - [TEST_STEP][PASSED] - amountOrderSummary = getText(findTestObject("Summary Order/orderData/amountOrderSummary")): Text of object 'Object Repository/Summary Order/orderData/amountOrderSummary' is: 'Rp20.000'

2022-07-06 21:45:26 - [MESSAGE][PASSED] - Text of object 'Object Repository/Summary Order/orderData/amountOrderSummary' is: 'Rp20.000'

2022-07-06 21:45:26 - [TEST_STEP][PASSED] - verifyMatch(amountOrderSummary, totalAmountText, false): Actual text 'Rp20.000' and expected text 'Rp20.000' are matched 

2022-07-06 21:45:26 - [MESSAGE][PASSED] - Actual text 'Rp20.000' and expected text 'Rp20.000' are matched 

2022-07-06 21:45:26 - [TEST_STEP][PASSED] - verifyElementText(findTestObject("Summary Order/orderData/name"), findTestData("checkout_data").getValue(5, 1)): Actual text and expected text of test object 'Object Repository/Summary Order/orderData/name' are matched.

2022-07-06 21:45:26 - [MESSAGE][PASSED] - Actual text and expected text of test object 'Object Repository/Summary Order/orderData/name' are matched.

2022-07-06 21:45:26 - [TEST_STEP][PASSED] - verifyElementText(findTestObject("Summary Order/orderData/phone"), findTestData("checkout_data").getValue(7, 1)): Actual text and expected text of test object 'Object Repository/Summary Order/orderData/phone' are matched.

2022-07-06 21:45:26 - [MESSAGE][PASSED] - Actual text and expected text of test object 'Object Repository/Summary Order/orderData/phone' are matched.

2022-07-06 21:45:26 - [TEST_STEP][PASSED] - click(findTestObject("Summary Order/expandSummaryOrder")): Object: 'Object Repository/Summary Order/expandSummaryOrder' is clicked on

2022-07-06 21:45:27 - [MESSAGE][PASSED] - Object: 'Object Repository/Summary Order/expandSummaryOrder' is clicked on

2022-07-06 21:45:27 - [TEST_STEP][PASSED] - click(findTestObject("paymentMethod/creditCard")): Object: 'Object Repository/paymentMethod/creditCard' is clicked on

2022-07-06 21:45:27 - [MESSAGE][PASSED] - Object: 'Object Repository/paymentMethod/creditCard' is clicked on

2022-07-06 21:45:27 - [TEST_STEP][PASSED] - setText(findTestObject("fieldCreditCard/cardNumberField"), findTestData("credit_card").getValue(1, 4)): Text '4811111111111114' is set on object 'Object Repository/fieldCreditCard/cardNumberField'

2022-07-06 21:45:28 - [MESSAGE][PASSED] - Text '4811111111111114' is set on object 'Object Repository/fieldCreditCard/cardNumberField'

2022-07-06 21:45:28 - [TEST_STEP][PASSED] - setText(findTestObject("fieldCreditCard/expirationDateField"), findTestData("credit_card").getValue(2, 4)): Text '0125' is set on object 'Object Repository/fieldCreditCard/expirationDateField'

2022-07-06 21:45:28 - [MESSAGE][PASSED] - Text '0125' is set on object 'Object Repository/fieldCreditCard/expirationDateField'

2022-07-06 21:45:28 - [TEST_STEP][PASSED] - setText(findTestObject("fieldCreditCard/cvvField"), findTestData("credit_card").getValue(3, 4)): Text '123' is set on object 'Object Repository/fieldCreditCard/cvvField'

2022-07-06 21:45:28 - [MESSAGE][PASSED] - Text '123' is set on object 'Object Repository/fieldCreditCard/cvvField'

2022-07-06 21:45:28 - [TEST_STEP][PASSED] - check(findTestObject("promo/promoMidtrans")): Object 'Object Repository/promo/promoMidtrans' is checked

2022-07-06 21:45:28 - [MESSAGE][PASSED] - Object 'Object Repository/promo/promoMidtrans' is checked

2022-07-06 21:45:28 - [TEST_STEP][PASSED] - amountAfterPromo = getText(findTestObject("Summary Order/orderData/amountTotalHeader")).replaceAll("[^0-9]", ""): Text of object 'Object Repository/Summary Order/orderData/amountTotalHeader' is: 'Rp18.000'

2022-07-06 21:45:28 - [MESSAGE][PASSED] - Text of object 'Object Repository/Summary Order/orderData/amountTotalHeader' is: 'Rp18.000'

2022-07-06 21:45:28 - [TEST_STEP][PASSED] - totalAmountText = Integer.parseInt(totalAmountText.replaceAll("[^0-9]", "")): null

2022-07-06 21:45:28 - [TEST_STEP][PASSED] - finalAmount = totalAmountText - 2000: null

2022-07-06 21:45:28 - [TEST_STEP][PASSED] - finalAmountText = finalAmount.toString(): null

2022-07-06 21:45:28 - [TEST_STEP][PASSED] - verifyMatch(amountAfterPromo, finalAmountText, false): Actual text '18000' and expected text '18000' are matched 

2022-07-06 21:45:28 - [MESSAGE][PASSED] - Actual text '18000' and expected text '18000' are matched 

2022-07-06 21:45:28 - [TEST_STEP][PASSED] - click(findTestObject("paymentMethod/paynowBtn")): Object: 'Object Repository/paymentMethod/paynowBtn' is clicked on

2022-07-06 21:45:29 - [MESSAGE][PASSED] - Object: 'Object Repository/paymentMethod/paynowBtn' is clicked on

2022-07-06 21:45:29 - [TEST_STEP][PASSED] - verifyElementText(findTestObject("Status Payment/quotaFull"), "Promo quota is fully used"): Actual text and expected text of test object 'Object Repository/Status Payment/quotaFull' are matched.

2022-07-06 21:45:29 - [MESSAGE][PASSED] - Actual text and expected text of test object 'Object Repository/Status Payment/quotaFull' are matched.

2022-07-06 21:45:29 - [TEST_STEP][PASSED] - click(findTestObject("QuotaFullDialog/backButton")): Object: 'Object Repository/QuotaFullDialog/backButton' is clicked on

2022-07-06 21:45:29 - [MESSAGE][PASSED] - Object: 'Object Repository/QuotaFullDialog/backButton' is clicked on

2022-07-06 21:45:29 - [TEST_STEP][PASSED] - check(findTestObject("promo/promoMidtrans")): Object 'Object Repository/promo/promoMidtrans' is checked

2022-07-06 21:45:30 - [MESSAGE][PASSED] - Object 'Object Repository/promo/promoMidtrans' is checked

2022-07-06 21:45:30 - [TEST_STEP][PASSED] - click(findTestObject("paymentMethod/paynowBtn")): Object: 'Object Repository/paymentMethod/paynowBtn' is clicked on

2022-07-06 21:45:30 - [MESSAGE][PASSED] - Object: 'Object Repository/paymentMethod/paynowBtn' is clicked on

2022-07-06 21:45:30 - [TEST_STEP][PASSED] - verifyElementText(findTestObject("Status Payment/quotaFull"), "Promo quota is fully used"): Actual text and expected text of test object 'Object Repository/Status Payment/quotaFull' are matched.

2022-07-06 21:45:30 - [MESSAGE][PASSED] - Actual text and expected text of test object 'Object Repository/Status Payment/quotaFull' are matched.

2022-07-06 21:45:30 - [TEST_STEP][PASSED] - click(findTestObject("QuotaFullDialog/proceedButton")): Object: 'Object Repository/QuotaFullDialog/proceedButton' is clicked on

2022-07-06 21:45:30 - [MESSAGE][PASSED] - Object: 'Object Repository/QuotaFullDialog/proceedButton' is clicked on

2022-07-06 21:45:30 - [TEST_STEP][PASSED] - switchToFrame(findTestObject("Confirm OTP credit Card/iframeConfirmOTP"), 30): null

2022-07-06 21:45:30 - [TEST_STEP][PASSED] - setText(findTestObject("Confirm OTP credit Card/otpField"), findTestData("credit_card").getValue(4, 4)): Text '112233' is set on object 'Object Repository/Confirm OTP credit Card/otpField'

2022-07-06 21:45:33 - [MESSAGE][PASSED] - Text '112233' is set on object 'Object Repository/Confirm OTP credit Card/otpField'

2022-07-06 21:45:33 - [TEST_STEP][PASSED] - click(findTestObject("Confirm OTP credit Card/submitOTP")): Object: 'Object Repository/Confirm OTP credit Card/submitOTP' is clicked on

2022-07-06 21:45:34 - [MESSAGE][PASSED] - Object: 'Object Repository/Confirm OTP credit Card/submitOTP' is clicked on

2022-07-06 21:45:34 - [TEST_STEP][PASSED] - switchToDefaultContent(): null

2022-07-06 21:45:34 - [TEST_STEP][PASSED] - switchToFrame(findTestObject("Summary Order/iFrameSummaryOrder"), 30): null

2022-07-06 21:45:34 - [TEST_STEP][PASSED] - verifyElementText(findTestObject("Status Payment/statusPayment"), findTestData("credit_card").getValue(5, 4)): Actual text and expected text of test object 'Object Repository/Status Payment/statusPayment' are matched.

2022-07-06 21:45:34 - [MESSAGE][PASSED] - Actual text and expected text of test object 'Object Repository/Status Payment/statusPayment' are matched.

2022-07-06 21:45:34 - [TEST_STEP][PASSED] - actualAmountText = getText(findTestObject("Status Payment/amountTotal")).replaceAll("[^0-9]", ""): Text of object 'Object Repository/Status Payment/amountTotal' is: 'Rp20.000'

2022-07-06 21:45:34 - [MESSAGE][PASSED] - Text of object 'Object Repository/Status Payment/amountTotal' is: 'Rp20.000'

2022-07-06 21:45:34 - [TEST_STEP][PASSED] - verifyMatch(actualAmountText, totalAmountText.toString(), false): Actual text '20000' and expected text '20000' are matched 

2022-07-06 21:45:34 - [MESSAGE][PASSED] - Actual text '20000' and expected text '20000' are matched 

2022-07-06 21:45:34 - [TEST_STEP][PASSED] - infoOrderID = getText(findTestObject("Status Payment/infoOrderID")): Text of object 'Object Repository/Status Payment/infoOrderID' is: 'Order ID #sample-store-1657118726'

2022-07-06 21:45:35 - [MESSAGE][PASSED] - Text of object 'Object Repository/Status Payment/infoOrderID' is: 'Order ID #sample-store-1657118726'

2022-07-06 21:45:35 - [TEST_STEP][PASSED] - verifyMatch(infoOrderID, orderIdText, false): Actual text 'Order ID #sample-store-1657118726' and expected text 'Order ID #sample-store-1657118726' are matched 

2022-07-06 21:45:35 - [MESSAGE][PASSED] - Actual text 'Order ID #sample-store-1657118726' and expected text 'Order ID #sample-store-1657118726' are matched 

2022-07-06 21:45:35 - [TEST_STEP][PASSED] - takeScreenshot(): Taking screenshot successfully

2022-07-06 21:45:35 - [MESSAGE][PASSED] - Taking screenshot successfully
[[ATTACHMENT|D:\\DOT\\QA Automation Bootcamp\\demo-midtrans\\Reports\\20220706_214350\\Trial Running 06-07-2022\\20220706_214350\\1657118735095.png]]]]></system-out>
         <system-err><![CDATA[]]></system-err>
      </testcase>
      <testcase name="Test Cases/Success/DM7 - Sukses checkout dengan Promo potongan 10 rupiah" time="28.671" classname="Test Cases/Success/DM7 - Sukses checkout dengan Promo potongan 10 rupiah" status="PASSED">
         <system-out><![CDATA[2022-07-06 21:45:35 - [TEST_CASE][PASSED] - Test Cases/Success/DM7 - Sukses checkout dengan Promo potongan 10 rupiah: Test Cases/Success/DM7 - Sukses checkout dengan Promo potongan 10 rupiah

2022-07-06 21:45:35 - [TEST_STEP][PASSED] - openBrowser(""): Browser is opened with url: ''

2022-07-06 21:45:35 - [MESSAGE][WARNING] - A browser is already opened. Closing browser and opening a new one

2022-07-06 21:45:36 - [MESSAGE][INFO] - Starting 'Chrome' driver

2022-07-06 21:45:36 - [MESSAGE][INFO] - Action delay is set to 0 milliseconds

2022-07-06 21:45:37 - [MESSAGE][PASSED] - Browser is opened with url: ''

2022-07-06 21:45:37 - [TEST_STEP][PASSED] - navigateToUrl(base_url): Navigate to 'https://demo.midtrans.com/' successfully

2022-07-06 21:45:38 - [MESSAGE][PASSED] - Navigate to 'https://demo.midtrans.com/' successfully

2022-07-06 21:45:38 - [TEST_STEP][PASSED] - click(findTestObject("Landing Page/buyNowBtn")): Object: 'Object Repository/Landing Page/buyNowBtn' is clicked on

2022-07-06 21:45:39 - [MESSAGE][PASSED] - Object: 'Object Repository/Landing Page/buyNowBtn' is clicked on

2022-07-06 21:45:39 - [TEST_STEP][PASSED] - maximizeWindow(): Current window maximized

2022-07-06 21:45:39 - [MESSAGE][PASSED] - Current window maximized

2022-07-06 21:45:39 - [TEST_STEP][PASSED] - verifyElementAttributeValue(findTestObject("Checkout Page/amountField"), "value", findTestData("checkout_data").getValue(3, 1), 0): Object 'Object Repository/Checkout Page/amountField' has attribute 'value' with value '20000'

2022-07-06 21:45:40 - [MESSAGE][WARNING] - Timeout '0' is invalid. Using default page load timeout: '10'

2022-07-06 21:45:40 - [MESSAGE][PASSED] - Object 'Object Repository/Checkout Page/amountField' has attribute 'value' with value '20000'

2022-07-06 21:45:40 - [TEST_STEP][PASSED] - setText(findTestObject("Checkout Page/nameField"), findTestData("checkout_data").getValue(5, 1)): Text 'Jhon doe' is set on object 'Object Repository/Checkout Page/nameField'

2022-07-06 21:45:41 - [MESSAGE][PASSED] - Text 'Jhon doe' is set on object 'Object Repository/Checkout Page/nameField'

2022-07-06 21:45:41 - [TEST_STEP][PASSED] - setText(findTestObject("Checkout Page/emailField"), findTestData("checkout_data").getValue(6, 1)): Text 'jhondoe@gmail.com' is set on object 'Object Repository/Checkout Page/emailField'

2022-07-06 21:45:42 - [MESSAGE][PASSED] - Text 'jhondoe@gmail.com' is set on object 'Object Repository/Checkout Page/emailField'

2022-07-06 21:45:42 - [TEST_STEP][PASSED] - setText(findTestObject("Checkout Page/phoneField"), findTestData("checkout_data").getValue(7, 1)): Text '+6282230337651' is set on object 'Object Repository/Checkout Page/phoneField'

2022-07-06 21:45:42 - [MESSAGE][PASSED] - Text '+6282230337651' is set on object 'Object Repository/Checkout Page/phoneField'

2022-07-06 21:45:42 - [TEST_STEP][PASSED] - setText(findTestObject("Checkout Page/cityField"), findTestData("checkout_data").getValue(8, 1)): Text 'Malang' is set on object 'Object Repository/Checkout Page/cityField'

2022-07-06 21:45:44 - [MESSAGE][PASSED] - Text 'Malang' is set on object 'Object Repository/Checkout Page/cityField'

2022-07-06 21:45:44 - [TEST_STEP][PASSED] - setText(findTestObject("Checkout Page/addressField"), findTestData("checkout_data").getValue(9, 1)): Text 'Jl. Soekarno Hatta' is set on object 'Object Repository/Checkout Page/addressField'

2022-07-06 21:45:48 - [MESSAGE][PASSED] - Text 'Jl. Soekarno Hatta' is set on object 'Object Repository/Checkout Page/addressField'

2022-07-06 21:45:48 - [TEST_STEP][PASSED] - setText(findTestObject("Checkout Page/postalCodeField"), findTestData("checkout_data").getValue(10, 1)): Text '65141' is set on object 'Object Repository/Checkout Page/postalCodeField'

2022-07-06 21:45:52 - [MESSAGE][PASSED] - Text '65141' is set on object 'Object Repository/Checkout Page/postalCodeField'

2022-07-06 21:45:52 - [TEST_STEP][PASSED] - click(findTestObject("Checkout Page/checkoutBtn")): Object: 'Object Repository/Checkout Page/checkoutBtn' is clicked on

2022-07-06 21:45:54 - [MESSAGE][PASSED] - Object: 'Object Repository/Checkout Page/checkoutBtn' is clicked on

2022-07-06 21:45:54 - [TEST_STEP][PASSED] - switchToFrame(findTestObject("Summary Order/iFrameSummaryOrder"), 30): null

2022-07-06 21:45:56 - [TEST_STEP][PASSED] - totalAmountText = getText(findTestObject("Summary Order/orderData/amountTotalHeader"), STOP_ON_FAILURE): Text of object 'Object Repository/Summary Order/orderData/amountTotalHeader' is: 'Rp20.000'

2022-07-06 21:45:56 - [MESSAGE][PASSED] - Text of object 'Object Repository/Summary Order/orderData/amountTotalHeader' is: 'Rp20.000'

2022-07-06 21:45:56 - [TEST_STEP][PASSED] - orderIdText = getText(findTestObject("Summary Order/orderData/orderID")): Text of object 'Object Repository/Summary Order/orderData/orderID' is: 'Order ID #sample-store-1657118755'

2022-07-06 21:45:56 - [MESSAGE][PASSED] - Text of object 'Object Repository/Summary Order/orderData/orderID' is: 'Order ID #sample-store-1657118755'

2022-07-06 21:45:56 - [TEST_STEP][PASSED] - click(findTestObject("Summary Order/expandSummaryOrder")): Object: 'Object Repository/Summary Order/expandSummaryOrder' is clicked on

2022-07-06 21:45:56 - [MESSAGE][PASSED] - Object: 'Object Repository/Summary Order/expandSummaryOrder' is clicked on

2022-07-06 21:45:56 - [TEST_STEP][PASSED] - amountOrderSummary = getText(findTestObject("Summary Order/orderData/amountOrderSummary")): Text of object 'Object Repository/Summary Order/orderData/amountOrderSummary' is: 'Rp20.000'

2022-07-06 21:45:56 - [MESSAGE][PASSED] - Text of object 'Object Repository/Summary Order/orderData/amountOrderSummary' is: 'Rp20.000'

2022-07-06 21:45:56 - [TEST_STEP][PASSED] - verifyMatch(amountOrderSummary, totalAmountText, false): Actual text 'Rp20.000' and expected text 'Rp20.000' are matched 

2022-07-06 21:45:56 - [MESSAGE][PASSED] - Actual text 'Rp20.000' and expected text 'Rp20.000' are matched 

2022-07-06 21:45:56 - [TEST_STEP][PASSED] - verifyElementText(findTestObject("Summary Order/orderData/name"), findTestData("checkout_data").getValue(5, 1)): Actual text and expected text of test object 'Object Repository/Summary Order/orderData/name' are matched.

2022-07-06 21:45:56 - [MESSAGE][PASSED] - Actual text and expected text of test object 'Object Repository/Summary Order/orderData/name' are matched.

2022-07-06 21:45:56 - [TEST_STEP][PASSED] - verifyElementText(findTestObject("Summary Order/orderData/phone"), findTestData("checkout_data").getValue(7, 1)): Actual text and expected text of test object 'Object Repository/Summary Order/orderData/phone' are matched.

2022-07-06 21:45:57 - [MESSAGE][PASSED] - Actual text and expected text of test object 'Object Repository/Summary Order/orderData/phone' are matched.

2022-07-06 21:45:57 - [TEST_STEP][PASSED] - click(findTestObject("Summary Order/expandSummaryOrder")): Object: 'Object Repository/Summary Order/expandSummaryOrder' is clicked on

2022-07-06 21:45:57 - [MESSAGE][PASSED] - Object: 'Object Repository/Summary Order/expandSummaryOrder' is clicked on

2022-07-06 21:45:57 - [TEST_STEP][PASSED] - click(findTestObject("paymentMethod/creditCard")): Object: 'Object Repository/paymentMethod/creditCard' is clicked on

2022-07-06 21:45:57 - [MESSAGE][PASSED] - Object: 'Object Repository/paymentMethod/creditCard' is clicked on

2022-07-06 21:45:57 - [TEST_STEP][PASSED] - setText(findTestObject("fieldCreditCard/cardNumberField"), findTestData("credit_card").getValue(1, 4)): Text '4811111111111114' is set on object 'Object Repository/fieldCreditCard/cardNumberField'

2022-07-06 21:45:57 - [MESSAGE][PASSED] - Text '4811111111111114' is set on object 'Object Repository/fieldCreditCard/cardNumberField'

2022-07-06 21:45:57 - [TEST_STEP][PASSED] - setText(findTestObject("fieldCreditCard/expirationDateField"), findTestData("credit_card").getValue(2, 4)): Text '0125' is set on object 'Object Repository/fieldCreditCard/expirationDateField'

2022-07-06 21:45:58 - [MESSAGE][PASSED] - Text '0125' is set on object 'Object Repository/fieldCreditCard/expirationDateField'

2022-07-06 21:45:58 - [TEST_STEP][PASSED] - setText(findTestObject("fieldCreditCard/cvvField"), findTestData("credit_card").getValue(3, 4)): Text '123' is set on object 'Object Repository/fieldCreditCard/cvvField'

2022-07-06 21:45:58 - [MESSAGE][PASSED] - Text '123' is set on object 'Object Repository/fieldCreditCard/cvvField'

2022-07-06 21:45:58 - [TEST_STEP][PASSED] - check(findTestObject("promo/diskon10Rupiah")): Object 'Object Repository/promo/diskon10Rupiah' is checked

2022-07-06 21:45:58 - [MESSAGE][PASSED] - Object 'Object Repository/promo/diskon10Rupiah' is checked

2022-07-06 21:45:58 - [TEST_STEP][PASSED] - amountAfterPromo = getText(findTestObject("Summary Order/orderData/amountTotalHeader")).replaceAll("[^0-9]", ""): Text of object 'Object Repository/Summary Order/orderData/amountTotalHeader' is: 'Rp19.990'

2022-07-06 21:45:58 - [MESSAGE][PASSED] - Text of object 'Object Repository/Summary Order/orderData/amountTotalHeader' is: 'Rp19.990'

2022-07-06 21:45:58 - [TEST_STEP][PASSED] - totalAmountText = Integer.parseInt(totalAmountText.replaceAll("[^0-9]", "")): null

2022-07-06 21:45:58 - [TEST_STEP][PASSED] - finalAmount = totalAmountText - 10: null

2022-07-06 21:45:58 - [TEST_STEP][PASSED] - finalAmountText = finalAmount.toString(): null

2022-07-06 21:45:58 - [TEST_STEP][PASSED] - verifyMatch(amountAfterPromo, finalAmountText, false): Actual text '19990' and expected text '19990' are matched 

2022-07-06 21:45:58 - [MESSAGE][PASSED] - Actual text '19990' and expected text '19990' are matched 

2022-07-06 21:45:58 - [TEST_STEP][PASSED] - click(findTestObject("paymentMethod/paynowBtn")): Object: 'Object Repository/paymentMethod/paynowBtn' is clicked on

2022-07-06 21:45:58 - [MESSAGE][PASSED] - Object: 'Object Repository/paymentMethod/paynowBtn' is clicked on

2022-07-06 21:45:58 - [TEST_STEP][PASSED] - switchToFrame(findTestObject("Confirm OTP credit Card/iframeConfirmOTP"), 30): null

2022-07-06 21:45:59 - [TEST_STEP][PASSED] - setText(findTestObject("Confirm OTP credit Card/otpField"), findTestData("credit_card").getValue(4, 4)): Text '112233' is set on object 'Object Repository/Confirm OTP credit Card/otpField'

2022-07-06 21:46:00 - [MESSAGE][PASSED] - Text '112233' is set on object 'Object Repository/Confirm OTP credit Card/otpField'

2022-07-06 21:46:00 - [TEST_STEP][PASSED] - click(findTestObject("Confirm OTP credit Card/submitOTP")): Object: 'Object Repository/Confirm OTP credit Card/submitOTP' is clicked on

2022-07-06 21:46:01 - [MESSAGE][PASSED] - Object: 'Object Repository/Confirm OTP credit Card/submitOTP' is clicked on

2022-07-06 21:46:01 - [TEST_STEP][PASSED] - switchToDefaultContent(): null

2022-07-06 21:46:01 - [TEST_STEP][PASSED] - switchToFrame(findTestObject("Summary Order/iFrameSummaryOrder"), 30): null

2022-07-06 21:46:03 - [TEST_STEP][PASSED] - verifyElementText(findTestObject("Status Payment/statusPayment"), findTestData("credit_card").getValue(5, 4)): Actual text and expected text of test object 'Object Repository/Status Payment/statusPayment' are matched.

2022-07-06 21:46:03 - [MESSAGE][PASSED] - Actual text and expected text of test object 'Object Repository/Status Payment/statusPayment' are matched.

2022-07-06 21:46:03 - [TEST_STEP][PASSED] - actualAmountText = getText(findTestObject("Status Payment/amountTotal")).replaceAll("[^0-9]", ""): Text of object 'Object Repository/Status Payment/amountTotal' is: 'Rp19.990'

2022-07-06 21:46:03 - [MESSAGE][PASSED] - Text of object 'Object Repository/Status Payment/amountTotal' is: 'Rp19.990'

2022-07-06 21:46:03 - [TEST_STEP][PASSED] - verifyMatch(actualAmountText, finalAmountText, false): Actual text '19990' and expected text '19990' are matched 

2022-07-06 21:46:03 - [MESSAGE][PASSED] - Actual text '19990' and expected text '19990' are matched 

2022-07-06 21:46:03 - [TEST_STEP][PASSED] - infoOrderID = getText(findTestObject("Status Payment/infoOrderID")): Text of object 'Object Repository/Status Payment/infoOrderID' is: 'Order ID #sample-store-1657118755'

2022-07-06 21:46:03 - [MESSAGE][PASSED] - Text of object 'Object Repository/Status Payment/infoOrderID' is: 'Order ID #sample-store-1657118755'

2022-07-06 21:46:03 - [TEST_STEP][PASSED] - verifyMatch(infoOrderID, orderIdText, false): Actual text 'Order ID #sample-store-1657118755' and expected text 'Order ID #sample-store-1657118755' are matched 

2022-07-06 21:46:03 - [MESSAGE][PASSED] - Actual text 'Order ID #sample-store-1657118755' and expected text 'Order ID #sample-store-1657118755' are matched 

2022-07-06 21:46:03 - [TEST_STEP][PASSED] - takeScreenshot(): Taking screenshot successfully

2022-07-06 21:46:04 - [MESSAGE][PASSED] - Taking screenshot successfully
[[ATTACHMENT|D:\\DOT\\QA Automation Bootcamp\\demo-midtrans\\Reports\\20220706_214350\\Trial Running 06-07-2022\\20220706_214350\\1657118763479.png]]]]></system-out>
         <system-err><![CDATA[]]></system-err>
      </testcase>
      <testcase name="Test Cases/Success/DM8 - Sukses checkout dengan Promo Proceed without promo" time="18.818" classname="Test Cases/Success/DM8 - Sukses checkout dengan Promo Proceed without promo" status="PASSED">
         <system-out><![CDATA[2022-07-06 21:46:04 - [TEST_CASE][PASSED] - Test Cases/Success/DM8 - Sukses checkout dengan Promo Proceed without promo: Test Cases/Success/DM8 - Sukses checkout dengan Promo Proceed without promo

2022-07-06 21:46:04 - [TEST_STEP][PASSED] - openBrowser(""): Browser is opened with url: ''

2022-07-06 21:46:04 - [MESSAGE][WARNING] - A browser is already opened. Closing browser and opening a new one

2022-07-06 21:46:05 - [MESSAGE][INFO] - Starting 'Chrome' driver

2022-07-06 21:46:05 - [MESSAGE][INFO] - Action delay is set to 0 milliseconds

2022-07-06 21:46:07 - [MESSAGE][PASSED] - Browser is opened with url: ''

2022-07-06 21:46:07 - [TEST_STEP][PASSED] - navigateToUrl(base_url): Navigate to 'https://demo.midtrans.com/' successfully

2022-07-06 21:46:07 - [MESSAGE][PASSED] - Navigate to 'https://demo.midtrans.com/' successfully

2022-07-06 21:46:07 - [TEST_STEP][PASSED] - maximizeWindow(): Current window maximized

2022-07-06 21:46:07 - [MESSAGE][PASSED] - Current window maximized

2022-07-06 21:46:07 - [TEST_STEP][PASSED] - priceTag = ", "").replace(",", ""): Text of object 'Object Repository/Landing Page/priceTag' is: '20,000'

2022-07-06 21:46:08 - [MESSAGE][PASSED] - Text of object 'Object Repository/Landing Page/priceTag' is: '20,000'

2022-07-06 21:46:08 - [TEST_STEP][PASSED] - verifyMatch(priceTag, findTestData("checkout_data").getValue(3, 1), false): Actual text '20000' and expected text '20000' are matched 

2022-07-06 21:46:08 - [MESSAGE][PASSED] - Actual text '20000' and expected text '20000' are matched 

2022-07-06 21:46:08 - [TEST_STEP][PASSED] - click(findTestObject("Landing Page/buyNowBtn")): Object: 'Object Repository/Landing Page/buyNowBtn' is clicked on

2022-07-06 21:46:09 - [MESSAGE][PASSED] - Object: 'Object Repository/Landing Page/buyNowBtn' is clicked on

2022-07-06 21:46:09 - [TEST_STEP][PASSED] - qtyField = replace("×", "").replace(" ", ""): Text of object 'Object Repository/Checkout Page/qtyField' is: '× 1'

2022-07-06 21:46:09 - [MESSAGE][PASSED] - Text of object 'Object Repository/Checkout Page/qtyField' is: '× 1'

2022-07-06 21:46:09 - [TEST_STEP][PASSED] - verifyMatch(qtyField, findTestData("checkout_data").getValue(2, 1), false): Actual text '1' and expected text '1' are matched 

2022-07-06 21:46:09 - [MESSAGE][PASSED] - Actual text '1' and expected text '1' are matched 

2022-07-06 21:46:09 - [TEST_STEP][PASSED] - verifyElementAttributeValue(findTestObject("Checkout Page/amountField"), "value", findTestData("checkout_data").getValue(3, 1), 0): Object 'Object Repository/Checkout Page/amountField' has attribute 'value' with value '20000'

2022-07-06 21:46:09 - [MESSAGE][WARNING] - Timeout '0' is invalid. Using default page load timeout: '10'

2022-07-06 21:46:10 - [MESSAGE][PASSED] - Object 'Object Repository/Checkout Page/amountField' has attribute 'value' with value '20000'

2022-07-06 21:46:10 - [TEST_STEP][PASSED] - totalAmountField = getText(findTestObject("Checkout Page/totalAmountField")).replace(",", ""): Text of object 'Object Repository/Checkout Page/totalAmountField' is: '20,000'

2022-07-06 21:46:10 - [MESSAGE][PASSED] - Text of object 'Object Repository/Checkout Page/totalAmountField' is: '20,000'

2022-07-06 21:46:10 - [TEST_STEP][PASSED] - verifyMatch(totalAmountField, findTestData("checkout_data").getValue(4, 1), false): Actual text '20000' and expected text '20000' are matched 

2022-07-06 21:46:10 - [MESSAGE][PASSED] - Actual text '20000' and expected text '20000' are matched 

2022-07-06 21:46:10 - [TEST_STEP][PASSED] - setText(findTestObject("Checkout Page/nameField"), findTestData("checkout_data").getValue(5, 1)): Text 'Jhon doe' is set on object 'Object Repository/Checkout Page/nameField'

2022-07-06 21:46:11 - [MESSAGE][PASSED] - Text 'Jhon doe' is set on object 'Object Repository/Checkout Page/nameField'

2022-07-06 21:46:11 - [TEST_STEP][PASSED] - setText(findTestObject("Checkout Page/emailField"), findTestData("checkout_data").getValue(6, 1)): Text 'jhondoe@gmail.com' is set on object 'Object Repository/Checkout Page/emailField'

2022-07-06 21:46:12 - [MESSAGE][PASSED] - Text 'jhondoe@gmail.com' is set on object 'Object Repository/Checkout Page/emailField'

2022-07-06 21:46:12 - [TEST_STEP][PASSED] - setText(findTestObject("Checkout Page/phoneField"), findTestData("checkout_data").getValue(7, 1)): Text '+6282230337651' is set on object 'Object Repository/Checkout Page/phoneField'

2022-07-06 21:46:12 - [MESSAGE][PASSED] - Text '+6282230337651' is set on object 'Object Repository/Checkout Page/phoneField'

2022-07-06 21:46:12 - [TEST_STEP][PASSED] - setText(findTestObject("Checkout Page/cityField"), findTestData("checkout_data").getValue(8, 1)): Text 'Malang' is set on object 'Object Repository/Checkout Page/cityField'

2022-07-06 21:46:13 - [MESSAGE][PASSED] - Text 'Malang' is set on object 'Object Repository/Checkout Page/cityField'

2022-07-06 21:46:13 - [TEST_STEP][PASSED] - setText(findTestObject("Checkout Page/addressField"), findTestData("checkout_data").getValue(9, 1)): Text 'Jl. Soekarno Hatta' is set on object 'Object Repository/Checkout Page/addressField'

2022-07-06 21:46:14 - [MESSAGE][PASSED] - Text 'Jl. Soekarno Hatta' is set on object 'Object Repository/Checkout Page/addressField'

2022-07-06 21:46:14 - [TEST_STEP][PASSED] - setText(findTestObject("Checkout Page/postalCodeField"), findTestData("checkout_data").getValue(10, 1)): Text '65141' is set on object 'Object Repository/Checkout Page/postalCodeField'

2022-07-06 21:46:15 - [MESSAGE][PASSED] - Text '65141' is set on object 'Object Repository/Checkout Page/postalCodeField'

2022-07-06 21:46:15 - [TEST_STEP][PASSED] - click(findTestObject("Checkout Page/checkoutBtn")): Object: 'Object Repository/Checkout Page/checkoutBtn' is clicked on

2022-07-06 21:46:15 - [MESSAGE][PASSED] - Object: 'Object Repository/Checkout Page/checkoutBtn' is clicked on

2022-07-06 21:46:15 - [TEST_STEP][PASSED] - switchToFrame(findTestObject("Summary Order/iFrameSummaryOrder"), 30): null

2022-07-06 21:46:16 - [TEST_STEP][PASSED] - totalAmountAtas = replace("Rp", "").replace(".", ""): Text of object 'Object Repository/Summary Order/orderData/amountTotalHeader' is: 'Rp20.000'

2022-07-06 21:46:16 - [MESSAGE][PASSED] - Text of object 'Object Repository/Summary Order/orderData/amountTotalHeader' is: 'Rp20.000'

2022-07-06 21:46:16 - [TEST_STEP][PASSED] - verifyMatch(totalAmountAtas, totalAmountField, false): Actual text '20000' and expected text '20000' are matched 

2022-07-06 21:46:16 - [MESSAGE][PASSED] - Actual text '20000' and expected text '20000' are matched 

2022-07-06 21:46:16 - [TEST_STEP][PASSED] - orderIdText = getText(findTestObject("Summary Order/orderData/orderID")): Text of object 'Object Repository/Summary Order/orderData/orderID' is: 'Order ID #sample-store-1657118776'

2022-07-06 21:46:16 - [MESSAGE][PASSED] - Text of object 'Object Repository/Summary Order/orderData/orderID' is: 'Order ID #sample-store-1657118776'

2022-07-06 21:46:16 - [TEST_STEP][PASSED] - click(findTestObject("Summary Order/expandSummaryOrder")): Object: 'Object Repository/Summary Order/expandSummaryOrder' is clicked on

2022-07-06 21:46:16 - [MESSAGE][PASSED] - Object: 'Object Repository/Summary Order/expandSummaryOrder' is clicked on

2022-07-06 21:46:16 - [TEST_STEP][PASSED] - totalAmountBawah = replace("Rp", "").replace(".", ""): Text of object 'Object Repository/Summary Order/orderData/amountOrderSummary' is: 'Rp20.000'

2022-07-06 21:46:17 - [MESSAGE][PASSED] - Text of object 'Object Repository/Summary Order/orderData/amountOrderSummary' is: 'Rp20.000'

2022-07-06 21:46:17 - [TEST_STEP][PASSED] - verifyMatch(totalAmountBawah, totalAmountAtas, false): Actual text '20000' and expected text '20000' are matched 

2022-07-06 21:46:17 - [MESSAGE][PASSED] - Actual text '20000' and expected text '20000' are matched 

2022-07-06 21:46:17 - [TEST_STEP][PASSED] - verifyElementText(findTestObject("Summary Order/orderData/name"), findTestData("checkout_data").getValue(5, 1)): Actual text and expected text of test object 'Object Repository/Summary Order/orderData/name' are matched.

2022-07-06 21:46:17 - [MESSAGE][PASSED] - Actual text and expected text of test object 'Object Repository/Summary Order/orderData/name' are matched.

2022-07-06 21:46:17 - [TEST_STEP][PASSED] - verifyElementText(findTestObject("Summary Order/orderData/phone"), findTestData("checkout_data").getValue(7, 1)): Actual text and expected text of test object 'Object Repository/Summary Order/orderData/phone' are matched.

2022-07-06 21:46:17 - [MESSAGE][PASSED] - Actual text and expected text of test object 'Object Repository/Summary Order/orderData/phone' are matched.

2022-07-06 21:46:17 - [TEST_STEP][PASSED] - click(findTestObject("Summary Order/expandSummaryOrder")): Object: 'Object Repository/Summary Order/expandSummaryOrder' is clicked on

2022-07-06 21:46:17 - [MESSAGE][PASSED] - Object: 'Object Repository/Summary Order/expandSummaryOrder' is clicked on

2022-07-06 21:46:17 - [TEST_STEP][PASSED] - click(findTestObject("paymentMethod/creditCard")): Object: 'Object Repository/paymentMethod/creditCard' is clicked on

2022-07-06 21:46:18 - [MESSAGE][PASSED] - Object: 'Object Repository/paymentMethod/creditCard' is clicked on

2022-07-06 21:46:18 - [TEST_STEP][PASSED] - setText(findTestObject("fieldCreditCard/cardNumberField"), findTestData("credit_card").getValue(1, 4)): Text '4811111111111114' is set on object 'Object Repository/fieldCreditCard/cardNumberField'

2022-07-06 21:46:18 - [MESSAGE][PASSED] - Text '4811111111111114' is set on object 'Object Repository/fieldCreditCard/cardNumberField'

2022-07-06 21:46:18 - [TEST_STEP][PASSED] - setText(findTestObject("fieldCreditCard/expirationDateField"), findTestData("credit_card").getValue(2, 4)): Text '0125' is set on object 'Object Repository/fieldCreditCard/expirationDateField'

2022-07-06 21:46:18 - [MESSAGE][PASSED] - Text '0125' is set on object 'Object Repository/fieldCreditCard/expirationDateField'

2022-07-06 21:46:18 - [TEST_STEP][PASSED] - setText(findTestObject("fieldCreditCard/cvvField"), findTestData("credit_card").getValue(3, 4)): Text '123' is set on object 'Object Repository/fieldCreditCard/cvvField'

2022-07-06 21:46:19 - [MESSAGE][PASSED] - Text '123' is set on object 'Object Repository/fieldCreditCard/cvvField'

2022-07-06 21:46:19 - [TEST_STEP][PASSED] - check(findTestObject("promo/withoutPromo")): Object 'Object Repository/promo/withoutPromo' is checked

2022-07-06 21:46:19 - [MESSAGE][PASSED] - Object 'Object Repository/promo/withoutPromo' is checked

2022-07-06 21:46:19 - [TEST_STEP][PASSED] - amountAfterPromo = replace("Rp", "").replace(".", ""): Text of object 'Object Repository/Summary Order/orderData/amountTotalHeader' is: 'Rp20.000'

2022-07-06 21:46:19 - [MESSAGE][PASSED] - Text of object 'Object Repository/Summary Order/orderData/amountTotalHeader' is: 'Rp20.000'

2022-07-06 21:46:19 - [TEST_STEP][PASSED] - verifyMatch(amountAfterPromo, findTestData("promo").getValue(4, 5), false): Actual text '20000' and expected text '20000' are matched 

2022-07-06 21:46:19 - [MESSAGE][PASSED] - Actual text '20000' and expected text '20000' are matched 

2022-07-06 21:46:19 - [TEST_STEP][PASSED] - click(findTestObject("paymentMethod/paynowBtn")): Object: 'Object Repository/paymentMethod/paynowBtn' is clicked on

2022-07-06 21:46:19 - [MESSAGE][PASSED] - Object: 'Object Repository/paymentMethod/paynowBtn' is clicked on

2022-07-06 21:46:19 - [TEST_STEP][PASSED] - switchToFrame(findTestObject("Confirm OTP credit Card/iframeConfirmOTP"), 30): null

2022-07-06 21:46:19 - [TEST_STEP][PASSED] - setText(findTestObject("Confirm OTP credit Card/otpField"), findTestData("credit_card").getValue(4, 4)): Text '112233' is set on object 'Object Repository/Confirm OTP credit Card/otpField'

2022-07-06 21:46:20 - [MESSAGE][PASSED] - Text '112233' is set on object 'Object Repository/Confirm OTP credit Card/otpField'

2022-07-06 21:46:20 - [TEST_STEP][PASSED] - click(findTestObject("Confirm OTP credit Card/submitOTP")): Object: 'Object Repository/Confirm OTP credit Card/submitOTP' is clicked on

2022-07-06 21:46:21 - [MESSAGE][PASSED] - Object: 'Object Repository/Confirm OTP credit Card/submitOTP' is clicked on

2022-07-06 21:46:21 - [TEST_STEP][PASSED] - switchToDefaultContent(): null

2022-07-06 21:46:21 - [TEST_STEP][PASSED] - switchToFrame(findTestObject("Summary Order/iFrameSummaryOrder"), 30): null

2022-07-06 21:46:22 - [TEST_STEP][PASSED] - verifyElementText(findTestObject("Status Payment/statusPayment"), findTestData("credit_card").getValue(5, 4)): Actual text and expected text of test object 'Object Repository/Status Payment/statusPayment' are matched.

2022-07-06 21:46:22 - [MESSAGE][PASSED] - Actual text and expected text of test object 'Object Repository/Status Payment/statusPayment' are matched.

2022-07-06 21:46:22 - [TEST_STEP][PASSED] - totalAmountFinal = replace("Rp", "").replace(".", ""): Text of object 'Object Repository/Status Payment/amountTotal' is: 'Rp20.000'

2022-07-06 21:46:22 - [MESSAGE][PASSED] - Text of object 'Object Repository/Status Payment/amountTotal' is: 'Rp20.000'

2022-07-06 21:46:22 - [TEST_STEP][PASSED] - verifyMatch(totalAmountFinal, amountAfterPromo, false): Actual text '20000' and expected text '20000' are matched 

2022-07-06 21:46:22 - [MESSAGE][PASSED] - Actual text '20000' and expected text '20000' are matched 

2022-07-06 21:46:22 - [TEST_STEP][PASSED] - infoOrderID = getText(findTestObject("Status Payment/infoOrderID")): Text of object 'Object Repository/Status Payment/infoOrderID' is: 'Order ID #sample-store-1657118776'

2022-07-06 21:46:22 - [MESSAGE][PASSED] - Text of object 'Object Repository/Status Payment/infoOrderID' is: 'Order ID #sample-store-1657118776'

2022-07-06 21:46:22 - [TEST_STEP][PASSED] - verifyMatch(infoOrderID, orderIdText, false): Actual text 'Order ID #sample-store-1657118776' and expected text 'Order ID #sample-store-1657118776' are matched 

2022-07-06 21:46:22 - [MESSAGE][PASSED] - Actual text 'Order ID #sample-store-1657118776' and expected text 'Order ID #sample-store-1657118776' are matched 

2022-07-06 21:46:22 - [TEST_STEP][PASSED] - takeScreenshot(): Taking screenshot successfully

2022-07-06 21:46:22 - [MESSAGE][PASSED] - Taking screenshot successfully
[[ATTACHMENT|D:\\DOT\\QA Automation Bootcamp\\demo-midtrans\\Reports\\20220706_214350\\Trial Running 06-07-2022\\20220706_214350\\1657118782604.png]]]]></system-out>
         <system-err><![CDATA[]]></system-err>
      </testcase>
      <testcase name="Test Cases/Success/DM9 - Sukses checkout dengan BANK BCA" time="25.562" classname="Test Cases/Success/DM9 - Sukses checkout dengan BANK BCA" status="FAILED">
         <failure type="FAILED" message="Test Cases/Success/DM9 - Sukses checkout dengan BANK BCA FAILED.
Reason:
com.kms.katalon.core.exception.StepFailedException: Verify element text of test object 'Object Repository/Status Payment/statusPayment' FAILED.
	at com.kms.katalon.core.webui.keyword.internal.WebUIKeywordMain.stepFailed(WebUIKeywordMain.groovy:64)
	at com.kms.katalon.core.webui.keyword.internal.WebUIKeywordMain.runKeyword(WebUIKeywordMain.groovy:26)
	at com.kms.katalon.core.webui.keyword.builtin.VerifyElementTextKeyword.verifyElementText(VerifyElementTextKeyword.groovy:72)
	at com.kms.katalon.core.webui.keyword.builtin.VerifyElementTextKeyword.execute(VerifyElementTextKeyword.groovy:40)
	at com.kms.katalon.core.keyword.internal.KeywordExecutor.executeKeywordForPlatform(KeywordExecutor.groovy:74)
	at com.kms.katalon.core.webui.keyword.WebUiBuiltInKeywords.verifyElementText(WebUiBuiltInKeywords.groovy:4749)
	at com.kms.katalon.core.webui.keyword.WebUiBuiltInKeywords$verifyElementText$8.call(Unknown Source)
	at DM9 - Sukses checkout dengan BANK BCA.run(DM9 - Sukses checkout dengan BANK BCA:88)
	at com.kms.katalon.core.main.ScriptEngine.run(ScriptEngine.java:194)
	at com.kms.katalon.core.main.ScriptEngine.runScriptAsRawText(ScriptEngine.java:119)
	at com.kms.katalon.core.main.TestCaseExecutor.runScript(TestCaseExecutor.java:445)
	at com.kms.katalon.core.main.TestCaseExecutor.doExecute(TestCaseExecutor.java:436)
	at com.kms.katalon.core.main.TestCaseExecutor.processExecutionPhase(TestCaseExecutor.java:415)
	at com.kms.katalon.core.main.TestCaseExecutor.accessMainPhase(TestCaseExecutor.java:407)
	at com.kms.katalon.core.main.TestCaseExecutor.execute(TestCaseExecutor.java:284)
	at com.kms.katalon.core.main.TestCaseExecutor.execute(TestCaseExecutor.java:366)
	at com.kms.katalon.core.main.TestCaseExecutor.execute(TestCaseExecutor.java:366)
	at com.kms.katalon.core.main.TestCaseExecutor.execute(TestCaseExecutor.java:366)
	at com.kms.katalon.core.common.CommonExecutor.accessTestCaseMainPhase(CommonExecutor.java:65)
	at com.kms.katalon.core.main.TestSuiteExecutor.accessTestSuiteMainPhase(TestSuiteExecutor.java:144)
	at com.kms.katalon.core.main.TestSuiteExecutor.execute(TestSuiteExecutor.java:106)
	at com.kms.katalon.core.main.TestCaseMain.startTestSuite(TestCaseMain.java:185)
	at com.kms.katalon.core.main.TestCaseMain$startTestSuite$0.call(Unknown Source)
	at TempTestSuite1657118630330.run(TempTestSuite1657118630330.groovy:36)
Caused by: com.kms.katalon.core.exception.StepFailedException: com.kms.katalon.core.webui.exception.WebElementNotFoundException: Web element with id: 'Object Repository/Status Payment/statusPayment' located by '//*[@class = 'text-headline medium']' not found
	at com.kms.katalon.core.webui.keyword.internal.WebUIKeywordMain.stepFailed(WebUIKeywordMain.groovy:64)
	at com.kms.katalon.core.webui.keyword.builtin.VerifyElementTextKeyword$_verifyElementText_closure1.doCall(VerifyElementTextKeyword.groovy:64)
	at com.kms.katalon.core.webui.keyword.builtin.VerifyElementTextKeyword$_verifyElementText_closure1.call(VerifyElementTextKeyword.groovy)
	at com.kms.katalon.core.webui.keyword.internal.WebUIKeywordMain.runKeyword(WebUIKeywordMain.groovy:20)
	... 22 more
"/>
         <system-out><![CDATA[2022-07-06 21:47:40 - [TEST_CASE][FAILED] - Test Cases/Success/DM9 - Sukses checkout dengan BANK BCA: Test Cases/Success/DM9 - Sukses checkout dengan BANK BCA FAILED.
Reason:
com.kms.katalon.core.exception.StepFailedException: Verify element text of test object 'Object Repository/Status Payment/statusPayment' FAILED.
	at com.kms.katalon.core.webui.keyword.internal.WebUIKeywordMain.stepFailed(WebUIKeywordMain.groovy:64)
	at com.kms.katalon.core.webui.keyword.internal.WebUIKeywordMain.runKeyword(WebUIKeywordMain.groovy:26)
	at com.kms.katalon.core.webui.keyword.builtin.VerifyElementTextKeyword.verifyElementText(VerifyElementTextKeyword.groovy:72)
	at com.kms.katalon.core.webui.keyword.builtin.VerifyElementTextKeyword.execute(VerifyElementTextKeyword.groovy:40)
	at com.kms.katalon.core.keyword.internal.KeywordExecutor.executeKeywordForPlatform(KeywordExecutor.groovy:74)
	at com.kms.katalon.core.webui.keyword.WebUiBuiltInKeywords.verifyElementText(WebUiBuiltInKeywords.groovy:4749)
	at com.kms.katalon.core.webui.keyword.WebUiBuiltInKeywords$verifyElementText$8.call(Unknown Source)
	at DM9 - Sukses checkout dengan BANK BCA.run(DM9 - Sukses checkout dengan BANK BCA:88)
	at com.kms.katalon.core.main.ScriptEngine.run(ScriptEngine.java:194)
	at com.kms.katalon.core.main.ScriptEngine.runScriptAsRawText(ScriptEngine.java:119)
	at com.kms.katalon.core.main.TestCaseExecutor.runScript(TestCaseExecutor.java:445)
	at com.kms.katalon.core.main.TestCaseExecutor.doExecute(TestCaseExecutor.java:436)
	at com.kms.katalon.core.main.TestCaseExecutor.processExecutionPhase(TestCaseExecutor.java:415)
	at com.kms.katalon.core.main.TestCaseExecutor.accessMainPhase(TestCaseExecutor.java:407)
	at com.kms.katalon.core.main.TestCaseExecutor.execute(TestCaseExecutor.java:284)
	at com.kms.katalon.core.main.TestCaseExecutor.execute(TestCaseExecutor.java:366)
	at com.kms.katalon.core.main.TestCaseExecutor.execute(TestCaseExecutor.java:366)
	at com.kms.katalon.core.main.TestCaseExecutor.execute(TestCaseExecutor.java:366)
	at com.kms.katalon.core.common.CommonExecutor.accessTestCaseMainPhase(CommonExecutor.java:65)
	at com.kms.katalon.core.main.TestSuiteExecutor.accessTestSuiteMainPhase(TestSuiteExecutor.java:144)
	at com.kms.katalon.core.main.TestSuiteExecutor.execute(TestSuiteExecutor.java:106)
	at com.kms.katalon.core.main.TestCaseMain.startTestSuite(TestCaseMain.java:185)
	at com.kms.katalon.core.main.TestCaseMain$startTestSuite$0.call(Unknown Source)
	at TempTestSuite1657118630330.run(TempTestSuite1657118630330.groovy:36)
Caused by: com.kms.katalon.core.exception.StepFailedException: com.kms.katalon.core.webui.exception.WebElementNotFoundException: Web element with id: 'Object Repository/Status Payment/statusPayment' located by '//*[@class = 'text-headline medium']' not found
	at com.kms.katalon.core.webui.keyword.internal.WebUIKeywordMain.stepFailed(WebUIKeywordMain.groovy:64)
	at com.kms.katalon.core.webui.keyword.builtin.VerifyElementTextKeyword$_verifyElementText_closure1.doCall(VerifyElementTextKeyword.groovy:64)
	at com.kms.katalon.core.webui.keyword.builtin.VerifyElementTextKeyword$_verifyElementText_closure1.call(VerifyElementTextKeyword.groovy)
	at com.kms.katalon.core.webui.keyword.internal.WebUIKeywordMain.runKeyword(WebUIKeywordMain.groovy:20)
	... 22 more


2022-07-06 21:47:40 - [TEST_STEP][PASSED] - openBrowser(""): Browser is opened with url: ''

2022-07-06 21:47:40 - [MESSAGE][WARNING] - A browser is already opened. Closing browser and opening a new one

2022-07-06 21:47:41 - [MESSAGE][INFO] - Starting 'Chrome' driver

2022-07-06 21:47:41 - [MESSAGE][INFO] - Action delay is set to 0 milliseconds

2022-07-06 21:47:42 - [MESSAGE][PASSED] - Browser is opened with url: ''

2022-07-06 21:47:42 - [TEST_STEP][PASSED] - navigateToUrl(base_url): Navigate to 'https://demo.midtrans.com/' successfully

2022-07-06 21:47:43 - [MESSAGE][PASSED] - Navigate to 'https://demo.midtrans.com/' successfully

2022-07-06 21:47:43 - [TEST_STEP][PASSED] - maximizeWindow(): Current window maximized

2022-07-06 21:47:43 - [MESSAGE][PASSED] - Current window maximized

2022-07-06 21:47:43 - [TEST_STEP][PASSED] - priceTag = ", "").replace(",", ""): Text of object 'Object Repository/Landing Page/priceTag' is: '20,000'

2022-07-06 21:47:44 - [MESSAGE][PASSED] - Text of object 'Object Repository/Landing Page/priceTag' is: '20,000'

2022-07-06 21:47:44 - [TEST_STEP][PASSED] - verifyMatch(priceTag, findTestData("checkout_data").getValue(3, 1), false): Actual text '20000' and expected text '20000' are matched 

2022-07-06 21:47:44 - [MESSAGE][PASSED] - Actual text '20000' and expected text '20000' are matched 

2022-07-06 21:47:44 - [TEST_STEP][PASSED] - click(findTestObject("Landing Page/buyNowBtn")): Object: 'Object Repository/Landing Page/buyNowBtn' is clicked on

2022-07-06 21:47:44 - [MESSAGE][PASSED] - Object: 'Object Repository/Landing Page/buyNowBtn' is clicked on

2022-07-06 21:47:44 - [TEST_STEP][PASSED] - qtyField = replace("×", "").replace(" ", ""): Text of object 'Object Repository/Checkout Page/qtyField' is: '× 1'

2022-07-06 21:47:45 - [MESSAGE][PASSED] - Text of object 'Object Repository/Checkout Page/qtyField' is: '× 1'

2022-07-06 21:47:45 - [TEST_STEP][PASSED] - verifyMatch(qtyField, findTestData("checkout_data").getValue(2, 1), false): Actual text '1' and expected text '1' are matched 

2022-07-06 21:47:45 - [MESSAGE][PASSED] - Actual text '1' and expected text '1' are matched 

2022-07-06 21:47:45 - [TEST_STEP][PASSED] - verifyElementAttributeValue(findTestObject("Checkout Page/amountField"), "value", findTestData("checkout_data").getValue(3, 1), 0): Object 'Object Repository/Checkout Page/amountField' has attribute 'value' with value '20000'

2022-07-06 21:47:45 - [MESSAGE][WARNING] - Timeout '0' is invalid. Using default page load timeout: '10'

2022-07-06 21:47:45 - [MESSAGE][PASSED] - Object 'Object Repository/Checkout Page/amountField' has attribute 'value' with value '20000'

2022-07-06 21:47:45 - [TEST_STEP][PASSED] - totalAmountField = getText(findTestObject("Checkout Page/totalAmountField")).replace(",", ""): Text of object 'Object Repository/Checkout Page/totalAmountField' is: '20,000'

2022-07-06 21:47:45 - [MESSAGE][PASSED] - Text of object 'Object Repository/Checkout Page/totalAmountField' is: '20,000'

2022-07-06 21:47:45 - [TEST_STEP][PASSED] - verifyMatch(totalAmountField, findTestData("checkout_data").getValue(4, 1), false): Actual text '20000' and expected text '20000' are matched 

2022-07-06 21:47:45 - [MESSAGE][PASSED] - Actual text '20000' and expected text '20000' are matched 

2022-07-06 21:47:45 - [TEST_STEP][PASSED] - setText(findTestObject("Checkout Page/nameField"), findTestData("checkout_data").getValue(5, 1)): Text 'Jhon doe' is set on object 'Object Repository/Checkout Page/nameField'

2022-07-06 21:47:46 - [MESSAGE][PASSED] - Text 'Jhon doe' is set on object 'Object Repository/Checkout Page/nameField'

2022-07-06 21:47:46 - [TEST_STEP][PASSED] - setText(findTestObject("Checkout Page/emailField"), findTestData("checkout_data").getValue(6, 1)): Text 'jhondoe@gmail.com' is set on object 'Object Repository/Checkout Page/emailField'

2022-07-06 21:47:47 - [MESSAGE][PASSED] - Text 'jhondoe@gmail.com' is set on object 'Object Repository/Checkout Page/emailField'

2022-07-06 21:47:47 - [TEST_STEP][PASSED] - setText(findTestObject("Checkout Page/phoneField"), findTestData("checkout_data").getValue(7, 1)): Text '+6282230337651' is set on object 'Object Repository/Checkout Page/phoneField'

2022-07-06 21:47:48 - [MESSAGE][PASSED] - Text '+6282230337651' is set on object 'Object Repository/Checkout Page/phoneField'

2022-07-06 21:47:48 - [TEST_STEP][PASSED] - setText(findTestObject("Checkout Page/cityField"), findTestData("checkout_data").getValue(8, 1)): Text 'Malang' is set on object 'Object Repository/Checkout Page/cityField'

2022-07-06 21:47:49 - [MESSAGE][PASSED] - Text 'Malang' is set on object 'Object Repository/Checkout Page/cityField'

2022-07-06 21:47:49 - [TEST_STEP][PASSED] - setText(findTestObject("Checkout Page/addressField"), findTestData("checkout_data").getValue(9, 1)): Text 'Jl. Soekarno Hatta' is set on object 'Object Repository/Checkout Page/addressField'

2022-07-06 21:47:49 - [MESSAGE][PASSED] - Text 'Jl. Soekarno Hatta' is set on object 'Object Repository/Checkout Page/addressField'

2022-07-06 21:47:49 - [TEST_STEP][PASSED] - setText(findTestObject("Checkout Page/postalCodeField"), findTestData("checkout_data").getValue(10, 1)): Text '65141' is set on object 'Object Repository/Checkout Page/postalCodeField'

2022-07-06 21:47:50 - [MESSAGE][PASSED] - Text '65141' is set on object 'Object Repository/Checkout Page/postalCodeField'

2022-07-06 21:47:50 - [TEST_STEP][PASSED] - click(findTestObject("Checkout Page/checkoutBtn")): Object: 'Object Repository/Checkout Page/checkoutBtn' is clicked on

2022-07-06 21:47:50 - [MESSAGE][PASSED] - Object: 'Object Repository/Checkout Page/checkoutBtn' is clicked on

2022-07-06 21:47:50 - [TEST_STEP][PASSED] - switchToFrame(findTestObject("Summary Order/iFrameSummaryOrder"), 30): null

2022-07-06 21:47:51 - [TEST_STEP][PASSED] - totalAmountAtas = replace("Rp", "").replace(".", ""): Text of object 'Object Repository/Summary Order/orderData/amountTotalHeader' is: 'Rp20.000'

2022-07-06 21:47:51 - [MESSAGE][PASSED] - Text of object 'Object Repository/Summary Order/orderData/amountTotalHeader' is: 'Rp20.000'

2022-07-06 21:47:51 - [TEST_STEP][PASSED] - verifyMatch(totalAmountAtas, totalAmountField, false): Actual text '20000' and expected text '20000' are matched 

2022-07-06 21:47:51 - [MESSAGE][PASSED] - Actual text '20000' and expected text '20000' are matched 

2022-07-06 21:47:51 - [TEST_STEP][PASSED] - orderIdText = getText(findTestObject("Summary Order/orderData/orderID")): Text of object 'Object Repository/Summary Order/orderData/orderID' is: 'Order ID #sample-store-1657118872'

2022-07-06 21:47:51 - [MESSAGE][PASSED] - Text of object 'Object Repository/Summary Order/orderData/orderID' is: 'Order ID #sample-store-1657118872'

2022-07-06 21:47:51 - [TEST_STEP][PASSED] - click(findTestObject("Summary Order/expandSummaryOrder")): Object: 'Object Repository/Summary Order/expandSummaryOrder' is clicked on

2022-07-06 21:47:52 - [MESSAGE][PASSED] - Object: 'Object Repository/Summary Order/expandSummaryOrder' is clicked on

2022-07-06 21:47:52 - [TEST_STEP][PASSED] - totalAmountBawah = replace("Rp", "").replace(".", ""): Text of object 'Object Repository/Summary Order/orderData/amountOrderSummary' is: 'Rp20.000'

2022-07-06 21:47:52 - [MESSAGE][PASSED] - Text of object 'Object Repository/Summary Order/orderData/amountOrderSummary' is: 'Rp20.000'

2022-07-06 21:47:52 - [TEST_STEP][PASSED] - verifyMatch(totalAmountBawah, totalAmountAtas, false): Actual text '20000' and expected text '20000' are matched 

2022-07-06 21:47:52 - [MESSAGE][PASSED] - Actual text '20000' and expected text '20000' are matched 

2022-07-06 21:47:52 - [TEST_STEP][PASSED] - verifyElementText(findTestObject("Summary Order/orderData/name"), findTestData("checkout_data").getValue(5, 1)): Actual text and expected text of test object 'Object Repository/Summary Order/orderData/name' are matched.

2022-07-06 21:47:52 - [MESSAGE][PASSED] - Actual text and expected text of test object 'Object Repository/Summary Order/orderData/name' are matched.

2022-07-06 21:47:52 - [TEST_STEP][PASSED] - verifyElementText(findTestObject("Summary Order/orderData/phone"), findTestData("checkout_data").getValue(7, 1)): Actual text and expected text of test object 'Object Repository/Summary Order/orderData/phone' are matched.

2022-07-06 21:47:52 - [MESSAGE][PASSED] - Actual text and expected text of test object 'Object Repository/Summary Order/orderData/phone' are matched.

2022-07-06 21:47:52 - [TEST_STEP][PASSED] - click(findTestObject("Summary Order/expandSummaryOrder")): Object: 'Object Repository/Summary Order/expandSummaryOrder' is clicked on

2022-07-06 21:47:52 - [MESSAGE][PASSED] - Object: 'Object Repository/Summary Order/expandSummaryOrder' is clicked on

2022-07-06 21:47:52 - [TEST_STEP][PASSED] - click(findTestObject("Summary Order/bankTransferMethod")): Object: 'Object Repository/Summary Order/bankTransferMethod' is clicked on

2022-07-06 21:47:52 - [MESSAGE][PASSED] - Object: 'Object Repository/Summary Order/bankTransferMethod' is clicked on

2022-07-06 21:47:52 - [TEST_STEP][PASSED] - click(findTestObject("paymentMethod/bankBCA")): Object: 'Object Repository/paymentMethod/bankBCA' is clicked on

2022-07-06 21:47:53 - [MESSAGE][PASSED] - Object: 'Object Repository/paymentMethod/bankBCA' is clicked on

2022-07-06 21:47:53 - [TEST_STEP][PASSED] - waitForElementClickable(findTestObject("paymentMethod/paidBtn"), 40): Object 'Object Repository/paymentMethod/paidBtn' is clickable

2022-07-06 21:47:53 - [MESSAGE][PASSED] - Object 'Object Repository/paymentMethod/paidBtn' is clickable

2022-07-06 21:47:53 - [TEST_STEP][PASSED] - click(findTestObject("paymentMethod/paidBtn")): Object: 'Object Repository/paymentMethod/paidBtn' is clicked on

2022-07-06 21:47:53 - [MESSAGE][PASSED] - Object: 'Object Repository/paymentMethod/paidBtn' is clicked on

2022-07-06 21:47:53 - [TEST_STEP][FAILED] - verifyElementText(findTestObject("Status Payment/statusPayment"), findTestData("checkout_data").getValue(11, 1)): Verify element text of test object 'Object Repository/Status Payment/statusPayment' FAILED. (Root cause: com.kms.katalon.core.exception.StepFailedException: Verify element text of test object 'Object Repository/Status Payment/statusPayment' FAILED.
	at com.kms.katalon.core.webui.keyword.internal.WebUIKeywordMain.stepFailed(WebUIKeywordMain.groovy:64)
	at com.kms.katalon.core.webui.keyword.internal.WebUIKeywordMain.runKeyword(WebUIKeywordMain.groovy:26)
	at com.kms.katalon.core.webui.keyword.builtin.VerifyElementTextKeyword.verifyElementText(VerifyElementTextKeyword.groovy:72)
	at com.kms.katalon.core.webui.keyword.builtin.VerifyElementTextKeyword.execute(VerifyElementTextKeyword.groovy:40)
	at com.kms.katalon.core.keyword.internal.KeywordExecutor.executeKeywordForPlatform(KeywordExecutor.groovy:74)
	at com.kms.katalon.core.webui.keyword.WebUiBuiltInKeywords.verifyElementText(WebUiBuiltInKeywords.groovy:4749)
	at com.kms.katalon.core.webui.keyword.WebUiBuiltInKeywords$verifyElementText$8.call(Unknown Source)
	at DM9 - Sukses checkout dengan BANK BCA.run(DM9 - Sukses checkout dengan BANK BCA:88)
	at com.kms.katalon.core.main.ScriptEngine.run(ScriptEngine.java:194)
	at com.kms.katalon.core.main.ScriptEngine.runScriptAsRawText(ScriptEngine.java:119)
	at com.kms.katalon.core.main.TestCaseExecutor.runScript(TestCaseExecutor.java:445)
	at com.kms.katalon.core.main.TestCaseExecutor.doExecute(TestCaseExecutor.java:436)
	at com.kms.katalon.core.main.TestCaseExecutor.processExecutionPhase(TestCaseExecutor.java:415)
	at com.kms.katalon.core.main.TestCaseExecutor.accessMainPhase(TestCaseExecutor.java:407)
	at com.kms.katalon.core.main.TestCaseExecutor.execute(TestCaseExecutor.java:284)
	at com.kms.katalon.core.main.TestCaseExecutor.execute(TestCaseExecutor.java:366)
	at com.kms.katalon.core.main.TestCaseExecutor.execute(TestCaseExecutor.java:366)
	at com.kms.katalon.core.main.TestCaseExecutor.execute(TestCaseExecutor.java:366)
	at com.kms.katalon.core.common.CommonExecutor.accessTestCaseMainPhase(CommonExecutor.java:65)
	at com.kms.katalon.core.main.TestSuiteExecutor.accessTestSuiteMainPhase(TestSuiteExecutor.java:144)
	at com.kms.katalon.core.main.TestSuiteExecutor.execute(TestSuiteExecutor.java:106)
	at com.kms.katalon.core.main.TestCaseMain.startTestSuite(TestCaseMain.java:185)
	at com.kms.katalon.core.main.TestCaseMain$startTestSuite$0.call(Unknown Source)
	at TempTestSuite1657118630330.run(TempTestSuite1657118630330.groovy:36)
Caused by: com.kms.katalon.core.exception.StepFailedException: com.kms.katalon.core.webui.exception.WebElementNotFoundException: Web element with id: 'Object Repository/Status Payment/statusPayment' located by '//*[@class = 'text-headline medium']' not found
	at com.kms.katalon.core.webui.keyword.internal.WebUIKeywordMain.stepFailed(WebUIKeywordMain.groovy:64)
	at com.kms.katalon.core.webui.keyword.builtin.VerifyElementTextKeyword$_verifyElementText_closure1.doCall(VerifyElementTextKeyword.groovy:64)
	at com.kms.katalon.core.webui.keyword.builtin.VerifyElementTextKeyword$_verifyElementText_closure1.call(VerifyElementTextKeyword.groovy)
	at com.kms.katalon.core.webui.keyword.internal.WebUIKeywordMain.runKeyword(WebUIKeywordMain.groovy:20)
	... 22 more
)

2022-07-06 21:48:04 - [MESSAGE][INFO] - Unable to find the element located by 'By.xpath: //*[@class = 'text-headline medium']'. Please recheck the objects properties to make sure the desired element is located. 

2022-07-06 21:48:05 - [MESSAGE][FAILED] - com.kms.katalon.core.webui.exception.WebElementNotFoundException: Web element with id: 'Object Repository/Status Payment/statusPayment' located by '//*[@class = 'text-headline medium']' not found (Root cause: com.kms.katalon.core.exception.StepFailedException: com.kms.katalon.core.webui.exception.WebElementNotFoundException: Web element with id: 'Object Repository/Status Payment/statusPayment' located by '//*[@class = 'text-headline medium']' not found
	at com.kms.katalon.core.webui.keyword.internal.WebUIKeywordMain.stepFailed(WebUIKeywordMain.groovy:64)
	at com.kms.katalon.core.webui.keyword.builtin.VerifyElementTextKeyword$_verifyElementText_closure1.doCall(VerifyElementTextKeyword.groovy:64)
	at com.kms.katalon.core.webui.keyword.builtin.VerifyElementTextKeyword$_verifyElementText_closure1.call(VerifyElementTextKeyword.groovy)
	at com.kms.katalon.core.webui.keyword.internal.WebUIKeywordMain.runKeyword(WebUIKeywordMain.groovy:20)
	at com.kms.katalon.core.webui.keyword.builtin.VerifyElementTextKeyword.verifyElementText(VerifyElementTextKeyword.groovy:72)
	at com.kms.katalon.core.webui.keyword.builtin.VerifyElementTextKeyword.execute(VerifyElementTextKeyword.groovy:40)
	at com.kms.katalon.core.keyword.internal.KeywordExecutor.executeKeywordForPlatform(KeywordExecutor.groovy:74)
	at com.kms.katalon.core.webui.keyword.WebUiBuiltInKeywords.verifyElementText(WebUiBuiltInKeywords.groovy:4749)
	at com.kms.katalon.core.webui.keyword.WebUiBuiltInKeywords$verifyElementText$8.call(Unknown Source)
	at DM9 - Sukses checkout dengan BANK BCA.run(DM9 - Sukses checkout dengan BANK BCA:88)
	at com.kms.katalon.core.main.ScriptEngine.run(ScriptEngine.java:194)
	at com.kms.katalon.core.main.ScriptEngine.runScriptAsRawText(ScriptEngine.java:119)
	at com.kms.katalon.core.main.TestCaseExecutor.runScript(TestCaseExecutor.java:445)
	at com.kms.katalon.core.main.TestCaseExecutor.doExecute(TestCaseExecutor.java:436)
	at com.kms.katalon.core.main.TestCaseExecutor.processExecutionPhase(TestCaseExecutor.java:415)
	at com.kms.katalon.core.main.TestCaseExecutor.accessMainPhase(TestCaseExecutor.java:407)
	at com.kms.katalon.core.main.TestCaseExecutor.execute(TestCaseExecutor.java:284)
	at com.kms.katalon.core.main.TestCaseExecutor.execute(TestCaseExecutor.java:366)
	at com.kms.katalon.core.main.TestCaseExecutor.execute(TestCaseExecutor.java:366)
	at com.kms.katalon.core.main.TestCaseExecutor.execute(TestCaseExecutor.java:366)
	at com.kms.katalon.core.common.CommonExecutor.accessTestCaseMainPhase(CommonExecutor.java:65)
	at com.kms.katalon.core.main.TestSuiteExecutor.accessTestSuiteMainPhase(TestSuiteExecutor.java:144)
	at com.kms.katalon.core.main.TestSuiteExecutor.execute(TestSuiteExecutor.java:106)
	at com.kms.katalon.core.main.TestCaseMain.startTestSuite(TestCaseMain.java:185)
	at com.kms.katalon.core.main.TestCaseMain$startTestSuite$0.call(Unknown Source)
	at TempTestSuite1657118630330.run(TempTestSuite1657118630330.groovy:36)
)
[[ATTACHMENT|D:\\DOT\\QA Automation Bootcamp\\demo-midtrans\\Reports\\20220706_214350\\Trial Running 06-07-2022\\20220706_214350\\1657118884929.png]]

2022-07-06 21:48:05 - [MESSAGE][FAILED] - Verify element text of test object 'Object Repository/Status Payment/statusPayment' FAILED. (Root cause: com.kms.katalon.core.exception.StepFailedException: Verify element text of test object 'Object Repository/Status Payment/statusPayment' FAILED.
	at com.kms.katalon.core.webui.keyword.internal.WebUIKeywordMain.stepFailed(WebUIKeywordMain.groovy:64)
	at com.kms.katalon.core.webui.keyword.internal.WebUIKeywordMain.runKeyword(WebUIKeywordMain.groovy:26)
	at com.kms.katalon.core.webui.keyword.builtin.VerifyElementTextKeyword.verifyElementText(VerifyElementTextKeyword.groovy:72)
	at com.kms.katalon.core.webui.keyword.builtin.VerifyElementTextKeyword.execute(VerifyElementTextKeyword.groovy:40)
	at com.kms.katalon.core.keyword.internal.KeywordExecutor.executeKeywordForPlatform(KeywordExecutor.groovy:74)
	at com.kms.katalon.core.webui.keyword.WebUiBuiltInKeywords.verifyElementText(WebUiBuiltInKeywords.groovy:4749)
	at com.kms.katalon.core.webui.keyword.WebUiBuiltInKeywords$verifyElementText$8.call(Unknown Source)
	at DM9 - Sukses checkout dengan BANK BCA.run(DM9 - Sukses checkout dengan BANK BCA:88)
	at com.kms.katalon.core.main.ScriptEngine.run(ScriptEngine.java:194)
	at com.kms.katalon.core.main.ScriptEngine.runScriptAsRawText(ScriptEngine.java:119)
	at com.kms.katalon.core.main.TestCaseExecutor.runScript(TestCaseExecutor.java:445)
	at com.kms.katalon.core.main.TestCaseExecutor.doExecute(TestCaseExecutor.java:436)
	at com.kms.katalon.core.main.TestCaseExecutor.processExecutionPhase(TestCaseExecutor.java:415)
	at com.kms.katalon.core.main.TestCaseExecutor.accessMainPhase(TestCaseExecutor.java:407)
	at com.kms.katalon.core.main.TestCaseExecutor.execute(TestCaseExecutor.java:284)
	at com.kms.katalon.core.main.TestCaseExecutor.execute(TestCaseExecutor.java:366)
	at com.kms.katalon.core.main.TestCaseExecutor.execute(TestCaseExecutor.java:366)
	at com.kms.katalon.core.main.TestCaseExecutor.execute(TestCaseExecutor.java:366)
	at com.kms.katalon.core.common.CommonExecutor.accessTestCaseMainPhase(CommonExecutor.java:65)
	at com.kms.katalon.core.main.TestSuiteExecutor.accessTestSuiteMainPhase(TestSuiteExecutor.java:144)
	at com.kms.katalon.core.main.TestSuiteExecutor.execute(TestSuiteExecutor.java:106)
	at com.kms.katalon.core.main.TestCaseMain.startTestSuite(TestCaseMain.java:185)
	at com.kms.katalon.core.main.TestCaseMain$startTestSuite$0.call(Unknown Source)
	at TempTestSuite1657118630330.run(TempTestSuite1657118630330.groovy:36)
Caused by: com.kms.katalon.core.exception.StepFailedException: com.kms.katalon.core.webui.exception.WebElementNotFoundException: Web element with id: 'Object Repository/Status Payment/statusPayment' located by '//*[@class = 'text-headline medium']' not found
	at com.kms.katalon.core.webui.keyword.internal.WebUIKeywordMain.stepFailed(WebUIKeywordMain.groovy:64)
	at com.kms.katalon.core.webui.keyword.builtin.VerifyElementTextKeyword$_verifyElementText_closure1.doCall(VerifyElementTextKeyword.groovy:64)
	at com.kms.katalon.core.webui.keyword.builtin.VerifyElementTextKeyword$_verifyElementText_closure1.call(VerifyElementTextKeyword.groovy)
	at com.kms.katalon.core.webui.keyword.internal.WebUIKeywordMain.runKeyword(WebUIKeywordMain.groovy:20)
	... 22 more
)
[[ATTACHMENT|D:\\DOT\\QA Automation Bootcamp\\demo-midtrans\\Reports\\20220706_214350\\Trial Running 06-07-2022\\20220706_214350\\1657118885686.png]]]]></system-out>
         <system-err><![CDATA[2022-07-06 21:47:40 - [TEST_CASE][FAILED] - Test Cases/Success/DM9 - Sukses checkout dengan BANK BCA: Test Cases/Success/DM9 - Sukses checkout dengan BANK BCA FAILED.
Reason:
com.kms.katalon.core.exception.StepFailedException: Verify element text of test object 'Object Repository/Status Payment/statusPayment' FAILED.
	at com.kms.katalon.core.webui.keyword.internal.WebUIKeywordMain.stepFailed(WebUIKeywordMain.groovy:64)
	at com.kms.katalon.core.webui.keyword.internal.WebUIKeywordMain.runKeyword(WebUIKeywordMain.groovy:26)
	at com.kms.katalon.core.webui.keyword.builtin.VerifyElementTextKeyword.verifyElementText(VerifyElementTextKeyword.groovy:72)
	at com.kms.katalon.core.webui.keyword.builtin.VerifyElementTextKeyword.execute(VerifyElementTextKeyword.groovy:40)
	at com.kms.katalon.core.keyword.internal.KeywordExecutor.executeKeywordForPlatform(KeywordExecutor.groovy:74)
	at com.kms.katalon.core.webui.keyword.WebUiBuiltInKeywords.verifyElementText(WebUiBuiltInKeywords.groovy:4749)
	at com.kms.katalon.core.webui.keyword.WebUiBuiltInKeywords$verifyElementText$8.call(Unknown Source)
	at DM9 - Sukses checkout dengan BANK BCA.run(DM9 - Sukses checkout dengan BANK BCA:88)
	at com.kms.katalon.core.main.ScriptEngine.run(ScriptEngine.java:194)
	at com.kms.katalon.core.main.ScriptEngine.runScriptAsRawText(ScriptEngine.java:119)
	at com.kms.katalon.core.main.TestCaseExecutor.runScript(TestCaseExecutor.java:445)
	at com.kms.katalon.core.main.TestCaseExecutor.doExecute(TestCaseExecutor.java:436)
	at com.kms.katalon.core.main.TestCaseExecutor.processExecutionPhase(TestCaseExecutor.java:415)
	at com.kms.katalon.core.main.TestCaseExecutor.accessMainPhase(TestCaseExecutor.java:407)
	at com.kms.katalon.core.main.TestCaseExecutor.execute(TestCaseExecutor.java:284)
	at com.kms.katalon.core.main.TestCaseExecutor.execute(TestCaseExecutor.java:366)
	at com.kms.katalon.core.main.TestCaseExecutor.execute(TestCaseExecutor.java:366)
	at com.kms.katalon.core.main.TestCaseExecutor.execute(TestCaseExecutor.java:366)
	at com.kms.katalon.core.common.CommonExecutor.accessTestCaseMainPhase(CommonExecutor.java:65)
	at com.kms.katalon.core.main.TestSuiteExecutor.accessTestSuiteMainPhase(TestSuiteExecutor.java:144)
	at com.kms.katalon.core.main.TestSuiteExecutor.execute(TestSuiteExecutor.java:106)
	at com.kms.katalon.core.main.TestCaseMain.startTestSuite(TestCaseMain.java:185)
	at com.kms.katalon.core.main.TestCaseMain$startTestSuite$0.call(Unknown Source)
	at TempTestSuite1657118630330.run(TempTestSuite1657118630330.groovy:36)
Caused by: com.kms.katalon.core.exception.StepFailedException: com.kms.katalon.core.webui.exception.WebElementNotFoundException: Web element with id: 'Object Repository/Status Payment/statusPayment' located by '//*[@class = 'text-headline medium']' not found
	at com.kms.katalon.core.webui.keyword.internal.WebUIKeywordMain.stepFailed(WebUIKeywordMain.groovy:64)
	at com.kms.katalon.core.webui.keyword.builtin.VerifyElementTextKeyword$_verifyElementText_closure1.doCall(VerifyElementTextKeyword.groovy:64)
	at com.kms.katalon.core.webui.keyword.builtin.VerifyElementTextKeyword$_verifyElementText_closure1.call(VerifyElementTextKeyword.groovy)
	at com.kms.katalon.core.webui.keyword.internal.WebUIKeywordMain.runKeyword(WebUIKeywordMain.groovy:20)
	... 22 more]]></system-err>
      </testcase>
      <testcase name="Test Cases/Fail/DM1 - Gagal checkout dengan invalid data pada credit and debit card" time="29.106" classname="Test Cases/Fail/DM1 - Gagal checkout dengan invalid data pada credit and debit card" status="FAILED">
         <failure type="FAILED" message="Test Cases/Fail/DM1 - Gagal checkout dengan invalid data pada credit and debit card FAILED.
Reason:
com.kms.katalon.core.exception.StepFailedException: Unable to set text '4911 1111 1111 1114' of object 'Object Repository/CreditCard/input_CreditCard'
	at com.kms.katalon.core.webui.keyword.internal.WebUIKeywordMain.stepFailed(WebUIKeywordMain.groovy:64)
	at com.kms.katalon.core.webui.keyword.internal.WebUIKeywordMain.runKeyword(WebUIKeywordMain.groovy:26)
	at com.kms.katalon.core.webui.keyword.builtin.SetTextKeyword.setText(SetTextKeyword.groovy:66)
	at com.kms.katalon.core.webui.keyword.builtin.SetTextKeyword.execute(SetTextKeyword.groovy:37)
	at com.kms.katalon.core.keyword.internal.KeywordExecutor.executeKeywordForPlatform(KeywordExecutor.groovy:74)
	at com.kms.katalon.core.webui.keyword.WebUiBuiltInKeywords.setText(WebUiBuiltInKeywords.groovy:980)
	at com.kms.katalon.core.webui.keyword.WebUiBuiltInKeywords$setText$5.call(Unknown Source)
	at DM1 - Gagal checkout dengan invalid data pada credit and debit card.run(DM1 - Gagal checkout dengan invalid data pada credit and debit card:44)
	at com.kms.katalon.core.main.ScriptEngine.run(ScriptEngine.java:194)
	at com.kms.katalon.core.main.ScriptEngine.runScriptAsRawText(ScriptEngine.java:119)
	at com.kms.katalon.core.main.TestCaseExecutor.runScript(TestCaseExecutor.java:445)
	at com.kms.katalon.core.main.TestCaseExecutor.doExecute(TestCaseExecutor.java:436)
	at com.kms.katalon.core.main.TestCaseExecutor.processExecutionPhase(TestCaseExecutor.java:415)
	at com.kms.katalon.core.main.TestCaseExecutor.accessMainPhase(TestCaseExecutor.java:407)
	at com.kms.katalon.core.main.TestCaseExecutor.execute(TestCaseExecutor.java:284)
	at com.kms.katalon.core.main.TestCaseExecutor.execute(TestCaseExecutor.java:366)
	at com.kms.katalon.core.main.TestCaseExecutor.execute(TestCaseExecutor.java:366)
	at com.kms.katalon.core.main.TestCaseExecutor.execute(TestCaseExecutor.java:366)
	at com.kms.katalon.core.common.CommonExecutor.accessTestCaseMainPhase(CommonExecutor.java:65)
	at com.kms.katalon.core.main.TestSuiteExecutor.accessTestSuiteMainPhase(TestSuiteExecutor.java:144)
	at com.kms.katalon.core.main.TestSuiteExecutor.execute(TestSuiteExecutor.java:106)
	at com.kms.katalon.core.main.TestCaseMain.startTestSuite(TestCaseMain.java:185)
	at com.kms.katalon.core.main.TestCaseMain$startTestSuite$0.call(Unknown Source)
	at TempTestSuite1657118630330.run(TempTestSuite1657118630330.groovy:36)
Caused by: com.kms.katalon.core.webui.exception.WebElementNotFoundException: Web element with id: 'Object Repository/CreditCard/input_CreditCard' located by '//input[@value='4911 1111 1111 1114']' not found
	at com.kms.katalon.core.webui.common.WebUiCommonHelper.findWebElement(WebUiCommonHelper.java:1370)
	at com.kms.katalon.core.webui.keyword.internal.WebUIAbstractKeyword.findWebElement(WebUIAbstractKeyword.groovy:27)
	at com.kms.katalon.core.webui.keyword.internal.WebUIAbstractKeyword.findWebElement(WebUIAbstractKeyword.groovy:26)
	at com.kms.katalon.core.webui.keyword.builtin.SetTextKeyword$_setText_closure1.doCall(SetTextKeyword.groovy:51)
	at com.kms.katalon.core.webui.keyword.builtin.SetTextKeyword$_setText_closure1.call(SetTextKeyword.groovy)
	at com.kms.katalon.core.webui.keyword.internal.WebUIKeywordMain.runKeyword(WebUIKeywordMain.groovy:20)
	... 22 more
"/>
         <system-out><![CDATA[2022-07-06 21:49:31 - [TEST_CASE][FAILED] - Test Cases/Fail/DM1 - Gagal checkout dengan invalid data pada credit and debit card: Test Cases/Fail/DM1 - Gagal checkout dengan invalid data pada credit and debit card FAILED.
Reason:
com.kms.katalon.core.exception.StepFailedException: Unable to set text '4911 1111 1111 1114' of object 'Object Repository/CreditCard/input_CreditCard'
	at com.kms.katalon.core.webui.keyword.internal.WebUIKeywordMain.stepFailed(WebUIKeywordMain.groovy:64)
	at com.kms.katalon.core.webui.keyword.internal.WebUIKeywordMain.runKeyword(WebUIKeywordMain.groovy:26)
	at com.kms.katalon.core.webui.keyword.builtin.SetTextKeyword.setText(SetTextKeyword.groovy:66)
	at com.kms.katalon.core.webui.keyword.builtin.SetTextKeyword.execute(SetTextKeyword.groovy:37)
	at com.kms.katalon.core.keyword.internal.KeywordExecutor.executeKeywordForPlatform(KeywordExecutor.groovy:74)
	at com.kms.katalon.core.webui.keyword.WebUiBuiltInKeywords.setText(WebUiBuiltInKeywords.groovy:980)
	at com.kms.katalon.core.webui.keyword.WebUiBuiltInKeywords$setText$5.call(Unknown Source)
	at DM1 - Gagal checkout dengan invalid data pada credit and debit card.run(DM1 - Gagal checkout dengan invalid data pada credit and debit card:44)
	at com.kms.katalon.core.main.ScriptEngine.run(ScriptEngine.java:194)
	at com.kms.katalon.core.main.ScriptEngine.runScriptAsRawText(ScriptEngine.java:119)
	at com.kms.katalon.core.main.TestCaseExecutor.runScript(TestCaseExecutor.java:445)
	at com.kms.katalon.core.main.TestCaseExecutor.doExecute(TestCaseExecutor.java:436)
	at com.kms.katalon.core.main.TestCaseExecutor.processExecutionPhase(TestCaseExecutor.java:415)
	at com.kms.katalon.core.main.TestCaseExecutor.accessMainPhase(TestCaseExecutor.java:407)
	at com.kms.katalon.core.main.TestCaseExecutor.execute(TestCaseExecutor.java:284)
	at com.kms.katalon.core.main.TestCaseExecutor.execute(TestCaseExecutor.java:366)
	at com.kms.katalon.core.main.TestCaseExecutor.execute(TestCaseExecutor.java:366)
	at com.kms.katalon.core.main.TestCaseExecutor.execute(TestCaseExecutor.java:366)
	at com.kms.katalon.core.common.CommonExecutor.accessTestCaseMainPhase(CommonExecutor.java:65)
	at com.kms.katalon.core.main.TestSuiteExecutor.accessTestSuiteMainPhase(TestSuiteExecutor.java:144)
	at com.kms.katalon.core.main.TestSuiteExecutor.execute(TestSuiteExecutor.java:106)
	at com.kms.katalon.core.main.TestCaseMain.startTestSuite(TestCaseMain.java:185)
	at com.kms.katalon.core.main.TestCaseMain$startTestSuite$0.call(Unknown Source)
	at TempTestSuite1657118630330.run(TempTestSuite1657118630330.groovy:36)
Caused by: com.kms.katalon.core.webui.exception.WebElementNotFoundException: Web element with id: 'Object Repository/CreditCard/input_CreditCard' located by '//input[@value='4911 1111 1111 1114']' not found
	at com.kms.katalon.core.webui.common.WebUiCommonHelper.findWebElement(WebUiCommonHelper.java:1370)
	at com.kms.katalon.core.webui.keyword.internal.WebUIAbstractKeyword.findWebElement(WebUIAbstractKeyword.groovy:27)
	at com.kms.katalon.core.webui.keyword.internal.WebUIAbstractKeyword.findWebElement(WebUIAbstractKeyword.groovy:26)
	at com.kms.katalon.core.webui.keyword.builtin.SetTextKeyword$_setText_closure1.doCall(SetTextKeyword.groovy:51)
	at com.kms.katalon.core.webui.keyword.builtin.SetTextKeyword$_setText_closure1.call(SetTextKeyword.groovy)
	at com.kms.katalon.core.webui.keyword.internal.WebUIKeywordMain.runKeyword(WebUIKeywordMain.groovy:20)
	... 22 more


2022-07-06 21:49:31 - [TEST_STEP][PASSED] - openBrowser(""): Browser is opened with url: ''

2022-07-06 21:49:31 - [MESSAGE][WARNING] - A browser is already opened. Closing browser and opening a new one

2022-07-06 21:49:32 - [MESSAGE][INFO] - Starting 'Chrome' driver

2022-07-06 21:49:32 - [MESSAGE][INFO] - Action delay is set to 0 milliseconds

2022-07-06 21:49:33 - [MESSAGE][PASSED] - Browser is opened with url: ''

2022-07-06 21:49:33 - [TEST_STEP][PASSED] - navigateToUrl("https://demo.midtrans.com/"): Navigate to 'https://demo.midtrans.com/' successfully

2022-07-06 21:49:35 - [MESSAGE][PASSED] - Navigate to 'https://demo.midtrans.com/' successfully

2022-07-06 21:49:35 - [TEST_STEP][PASSED] - maximizeWindow(): Current window maximized

2022-07-06 21:49:35 - [MESSAGE][PASSED] - Current window maximized

2022-07-06 21:49:35 - [TEST_STEP][PASSED] - click(findTestObject("Home Page/btnBuyNow")): Object: 'Object Repository/Home Page/btnBuyNow' is clicked on

2022-07-06 21:49:36 - [MESSAGE][PASSED] - Object: 'Object Repository/Home Page/btnBuyNow' is clicked on

2022-07-06 21:49:36 - [TEST_STEP][PASSED] - delay(5): Delayed 5 second(s)

2022-07-06 21:49:41 - [MESSAGE][PASSED] - Delayed 5 second(s)

2022-07-06 21:49:41 - [TEST_STEP][PASSED] - waitForElementPresent(findTestObject("Shopping Cart/shoppingCartForm"), 5): Object 'Object Repository/Shopping Cart/shoppingCartForm' is present

2022-07-06 21:49:41 - [MESSAGE][PASSED] - Object 'Object Repository/Shopping Cart/shoppingCartForm' is present

2022-07-06 21:49:41 - [TEST_STEP][PASSED] - verifyElementPresent(findTestObject("Shopping Cart/shoppingCartForm"), 0): Object 'Object Repository/Shopping Cart/shoppingCartForm' is present

2022-07-06 21:49:41 - [MESSAGE][WARNING] - Timeout '0' is invalid. Using default page load timeout: '10'

2022-07-06 21:49:42 - [MESSAGE][PASSED] - Object 'Object Repository/Shopping Cart/shoppingCartForm' is present

2022-07-06 21:49:42 - [TEST_STEP][PASSED] - click(findTestObject("Object Repository/Shopping Cart/btn_Checkout")): Object: 'Object Repository/Shopping Cart/btn_Checkout' is clicked on

2022-07-06 21:49:42 - [MESSAGE][PASSED] - Object: 'Object Repository/Shopping Cart/btn_Checkout' is clicked on

2022-07-06 21:49:42 - [TEST_STEP][PASSED] - delay(5): Delayed 5 second(s)

2022-07-06 21:49:47 - [MESSAGE][PASSED] - Delayed 5 second(s)

2022-07-06 21:49:47 - [TEST_STEP][PASSED] - waitForElementPresent(findTestObject("Shopping Cart/verify_priceTag"), 5): Object 'Object Repository/Shopping Cart/verify_priceTag' is present

2022-07-06 21:49:47 - [MESSAGE][PASSED] - Object 'Object Repository/Shopping Cart/verify_priceTag' is present

2022-07-06 21:49:47 - [TEST_STEP][PASSED] - verifyElementPresent(findTestObject("Shopping Cart/verify_priceTag"), 0): Object 'Object Repository/Shopping Cart/verify_priceTag' is present

2022-07-06 21:49:47 - [MESSAGE][WARNING] - Timeout '0' is invalid. Using default page load timeout: '10'

2022-07-06 21:49:48 - [MESSAGE][WARNING] - Timeout '0' is invalid. Using default page load timeout: '10'

2022-07-06 21:49:48 - [MESSAGE][PASSED] - Object 'Object Repository/Shopping Cart/verify_priceTag' is present

2022-07-06 21:49:48 - [TEST_STEP][PASSED] - click(findTestObject("Object Repository/methodPayment/btnpaymentCC")): Object: 'Object Repository/methodPayment/btnpaymentCC' is clicked on

2022-07-06 21:49:48 - [MESSAGE][PASSED] - Object: 'Object Repository/methodPayment/btnpaymentCC' is clicked on

2022-07-06 21:49:48 - [TEST_STEP][FAILED] - setText(findTestObject("Object Repository/CreditCard/input_CreditCard"), "4911 1111 1111 1114"): Unable to set text '4911 1111 1111 1114' of object 'Object Repository/CreditCard/input_CreditCard' (Root cause: com.kms.katalon.core.exception.StepFailedException: Unable to set text '4911 1111 1111 1114' of object 'Object Repository/CreditCard/input_CreditCard'
	at com.kms.katalon.core.webui.keyword.internal.WebUIKeywordMain.stepFailed(WebUIKeywordMain.groovy:64)
	at com.kms.katalon.core.webui.keyword.internal.WebUIKeywordMain.runKeyword(WebUIKeywordMain.groovy:26)
	at com.kms.katalon.core.webui.keyword.builtin.SetTextKeyword.setText(SetTextKeyword.groovy:66)
	at com.kms.katalon.core.webui.keyword.builtin.SetTextKeyword.execute(SetTextKeyword.groovy:37)
	at com.kms.katalon.core.keyword.internal.KeywordExecutor.executeKeywordForPlatform(KeywordExecutor.groovy:74)
	at com.kms.katalon.core.webui.keyword.WebUiBuiltInKeywords.setText(WebUiBuiltInKeywords.groovy:980)
	at com.kms.katalon.core.webui.keyword.WebUiBuiltInKeywords$setText$5.call(Unknown Source)
	at DM1 - Gagal checkout dengan invalid data pada credit and debit card.run(DM1 - Gagal checkout dengan invalid data pada credit and debit card:44)
	at com.kms.katalon.core.main.ScriptEngine.run(ScriptEngine.java:194)
	at com.kms.katalon.core.main.ScriptEngine.runScriptAsRawText(ScriptEngine.java:119)
	at com.kms.katalon.core.main.TestCaseExecutor.runScript(TestCaseExecutor.java:445)
	at com.kms.katalon.core.main.TestCaseExecutor.doExecute(TestCaseExecutor.java:436)
	at com.kms.katalon.core.main.TestCaseExecutor.processExecutionPhase(TestCaseExecutor.java:415)
	at com.kms.katalon.core.main.TestCaseExecutor.accessMainPhase(TestCaseExecutor.java:407)
	at com.kms.katalon.core.main.TestCaseExecutor.execute(TestCaseExecutor.java:284)
	at com.kms.katalon.core.main.TestCaseExecutor.execute(TestCaseExecutor.java:366)
	at com.kms.katalon.core.main.TestCaseExecutor.execute(TestCaseExecutor.java:366)
	at com.kms.katalon.core.main.TestCaseExecutor.execute(TestCaseExecutor.java:366)
	at com.kms.katalon.core.common.CommonExecutor.accessTestCaseMainPhase(CommonExecutor.java:65)
	at com.kms.katalon.core.main.TestSuiteExecutor.accessTestSuiteMainPhase(TestSuiteExecutor.java:144)
	at com.kms.katalon.core.main.TestSuiteExecutor.execute(TestSuiteExecutor.java:106)
	at com.kms.katalon.core.main.TestCaseMain.startTestSuite(TestCaseMain.java:185)
	at com.kms.katalon.core.main.TestCaseMain$startTestSuite$0.call(Unknown Source)
	at TempTestSuite1657118630330.run(TempTestSuite1657118630330.groovy:36)
Caused by: com.kms.katalon.core.webui.exception.WebElementNotFoundException: Web element with id: 'Object Repository/CreditCard/input_CreditCard' located by '//input[@value='4911 1111 1111 1114']' not found
	at com.kms.katalon.core.webui.common.WebUiCommonHelper.findWebElement(WebUiCommonHelper.java:1370)
	at com.kms.katalon.core.webui.keyword.internal.WebUIAbstractKeyword.findWebElement(WebUIAbstractKeyword.groovy:27)
	at com.kms.katalon.core.webui.keyword.internal.WebUIAbstractKeyword.findWebElement(WebUIAbstractKeyword.groovy:26)
	at com.kms.katalon.core.webui.keyword.builtin.SetTextKeyword$_setText_closure1.doCall(SetTextKeyword.groovy:51)
	at com.kms.katalon.core.webui.keyword.builtin.SetTextKeyword$_setText_closure1.call(SetTextKeyword.groovy)
	at com.kms.katalon.core.webui.keyword.internal.WebUIKeywordMain.runKeyword(WebUIKeywordMain.groovy:20)
	at com.kms.katalon.core.webui.keyword.builtin.SetTextKeyword.setText(SetTextKeyword.groovy:66)
	at com.kms.katalon.core.webui.keyword.builtin.SetTextKeyword.execute(SetTextKeyword.groovy:37)
	at com.kms.katalon.core.keyword.internal.KeywordExecutor.executeKeywordForPlatform(KeywordExecutor.groovy:74)
	at com.kms.katalon.core.webui.keyword.WebUiBuiltInKeywords.setText(WebUiBuiltInKeywords.groovy:980)
	at com.kms.katalon.core.webui.keyword.WebUiBuiltInKeywords$setText$5.call(Unknown Source)
	at Script1656766804593.run(Script1656766804593.groovy:44)
	... 16 more
)

2022-07-06 21:50:00 - [MESSAGE][INFO] - Unable to find the element located by 'By.xpath: //input[@value='4911 1111 1111 1114']'. Please recheck the objects properties to make sure the desired element is located. 

2022-07-06 21:50:00 - [MESSAGE][FAILED] - Unable to set text '4911 1111 1111 1114' of object 'Object Repository/CreditCard/input_CreditCard' (Root cause: com.kms.katalon.core.exception.StepFailedException: Unable to set text '4911 1111 1111 1114' of object 'Object Repository/CreditCard/input_CreditCard'
	at com.kms.katalon.core.webui.keyword.internal.WebUIKeywordMain.stepFailed(WebUIKeywordMain.groovy:64)
	at com.kms.katalon.core.webui.keyword.internal.WebUIKeywordMain.runKeyword(WebUIKeywordMain.groovy:26)
	at com.kms.katalon.core.webui.keyword.builtin.SetTextKeyword.setText(SetTextKeyword.groovy:66)
	at com.kms.katalon.core.webui.keyword.builtin.SetTextKeyword.execute(SetTextKeyword.groovy:37)
	at com.kms.katalon.core.keyword.internal.KeywordExecutor.executeKeywordForPlatform(KeywordExecutor.groovy:74)
	at com.kms.katalon.core.webui.keyword.WebUiBuiltInKeywords.setText(WebUiBuiltInKeywords.groovy:980)
	at com.kms.katalon.core.webui.keyword.WebUiBuiltInKeywords$setText$5.call(Unknown Source)
	at DM1 - Gagal checkout dengan invalid data pada credit and debit card.run(DM1 - Gagal checkout dengan invalid data pada credit and debit card:44)
	at com.kms.katalon.core.main.ScriptEngine.run(ScriptEngine.java:194)
	at com.kms.katalon.core.main.ScriptEngine.runScriptAsRawText(ScriptEngine.java:119)
	at com.kms.katalon.core.main.TestCaseExecutor.runScript(TestCaseExecutor.java:445)
	at com.kms.katalon.core.main.TestCaseExecutor.doExecute(TestCaseExecutor.java:436)
	at com.kms.katalon.core.main.TestCaseExecutor.processExecutionPhase(TestCaseExecutor.java:415)
	at com.kms.katalon.core.main.TestCaseExecutor.accessMainPhase(TestCaseExecutor.java:407)
	at com.kms.katalon.core.main.TestCaseExecutor.execute(TestCaseExecutor.java:284)
	at com.kms.katalon.core.main.TestCaseExecutor.execute(TestCaseExecutor.java:366)
	at com.kms.katalon.core.main.TestCaseExecutor.execute(TestCaseExecutor.java:366)
	at com.kms.katalon.core.main.TestCaseExecutor.execute(TestCaseExecutor.java:366)
	at com.kms.katalon.core.common.CommonExecutor.accessTestCaseMainPhase(CommonExecutor.java:65)
	at com.kms.katalon.core.main.TestSuiteExecutor.accessTestSuiteMainPhase(TestSuiteExecutor.java:144)
	at com.kms.katalon.core.main.TestSuiteExecutor.execute(TestSuiteExecutor.java:106)
	at com.kms.katalon.core.main.TestCaseMain.startTestSuite(TestCaseMain.java:185)
	at com.kms.katalon.core.main.TestCaseMain$startTestSuite$0.call(Unknown Source)
	at TempTestSuite1657118630330.run(TempTestSuite1657118630330.groovy:36)
Caused by: com.kms.katalon.core.webui.exception.WebElementNotFoundException: Web element with id: 'Object Repository/CreditCard/input_CreditCard' located by '//input[@value='4911 1111 1111 1114']' not found
	at com.kms.katalon.core.webui.common.WebUiCommonHelper.findWebElement(WebUiCommonHelper.java:1370)
	at com.kms.katalon.core.webui.keyword.internal.WebUIAbstractKeyword.findWebElement(WebUIAbstractKeyword.groovy:27)
	at com.kms.katalon.core.webui.keyword.internal.WebUIAbstractKeyword.findWebElement(WebUIAbstractKeyword.groovy:26)
	at com.kms.katalon.core.webui.keyword.builtin.SetTextKeyword$_setText_closure1.doCall(SetTextKeyword.groovy:51)
	at com.kms.katalon.core.webui.keyword.builtin.SetTextKeyword$_setText_closure1.call(SetTextKeyword.groovy)
	at com.kms.katalon.core.webui.keyword.internal.WebUIKeywordMain.runKeyword(WebUIKeywordMain.groovy:20)
	at com.kms.katalon.core.webui.keyword.builtin.SetTextKeyword.setText(SetTextKeyword.groovy:66)
	at com.kms.katalon.core.webui.keyword.builtin.SetTextKeyword.execute(SetTextKeyword.groovy:37)
	at com.kms.katalon.core.keyword.internal.KeywordExecutor.executeKeywordForPlatform(KeywordExecutor.groovy:74)
	at com.kms.katalon.core.webui.keyword.WebUiBuiltInKeywords.setText(WebUiBuiltInKeywords.groovy:980)
	at com.kms.katalon.core.webui.keyword.WebUiBuiltInKeywords$setText$5.call(Unknown Source)
	at Script1656766804593.run(Script1656766804593.groovy:44)
	... 16 more
)
[[ATTACHMENT|D:\\DOT\\QA Automation Bootcamp\\demo-midtrans\\Reports\\20220706_214350\\Trial Running 06-07-2022\\20220706_214350\\1657119000401.png]]]]></system-out>
         <system-err><![CDATA[2022-07-06 21:49:31 - [TEST_CASE][FAILED] - Test Cases/Fail/DM1 - Gagal checkout dengan invalid data pada credit and debit card: Test Cases/Fail/DM1 - Gagal checkout dengan invalid data pada credit and debit card FAILED.
Reason:
com.kms.katalon.core.exception.StepFailedException: Unable to set text '4911 1111 1111 1114' of object 'Object Repository/CreditCard/input_CreditCard'
	at com.kms.katalon.core.webui.keyword.internal.WebUIKeywordMain.stepFailed(WebUIKeywordMain.groovy:64)
	at com.kms.katalon.core.webui.keyword.internal.WebUIKeywordMain.runKeyword(WebUIKeywordMain.groovy:26)
	at com.kms.katalon.core.webui.keyword.builtin.SetTextKeyword.setText(SetTextKeyword.groovy:66)
	at com.kms.katalon.core.webui.keyword.builtin.SetTextKeyword.execute(SetTextKeyword.groovy:37)
	at com.kms.katalon.core.keyword.internal.KeywordExecutor.executeKeywordForPlatform(KeywordExecutor.groovy:74)
	at com.kms.katalon.core.webui.keyword.WebUiBuiltInKeywords.setText(WebUiBuiltInKeywords.groovy:980)
	at com.kms.katalon.core.webui.keyword.WebUiBuiltInKeywords$setText$5.call(Unknown Source)
	at DM1 - Gagal checkout dengan invalid data pada credit and debit card.run(DM1 - Gagal checkout dengan invalid data pada credit and debit card:44)
	at com.kms.katalon.core.main.ScriptEngine.run(ScriptEngine.java:194)
	at com.kms.katalon.core.main.ScriptEngine.runScriptAsRawText(ScriptEngine.java:119)
	at com.kms.katalon.core.main.TestCaseExecutor.runScript(TestCaseExecutor.java:445)
	at com.kms.katalon.core.main.TestCaseExecutor.doExecute(TestCaseExecutor.java:436)
	at com.kms.katalon.core.main.TestCaseExecutor.processExecutionPhase(TestCaseExecutor.java:415)
	at com.kms.katalon.core.main.TestCaseExecutor.accessMainPhase(TestCaseExecutor.java:407)
	at com.kms.katalon.core.main.TestCaseExecutor.execute(TestCaseExecutor.java:284)
	at com.kms.katalon.core.main.TestCaseExecutor.execute(TestCaseExecutor.java:366)
	at com.kms.katalon.core.main.TestCaseExecutor.execute(TestCaseExecutor.java:366)
	at com.kms.katalon.core.main.TestCaseExecutor.execute(TestCaseExecutor.java:366)
	at com.kms.katalon.core.common.CommonExecutor.accessTestCaseMainPhase(CommonExecutor.java:65)
	at com.kms.katalon.core.main.TestSuiteExecutor.accessTestSuiteMainPhase(TestSuiteExecutor.java:144)
	at com.kms.katalon.core.main.TestSuiteExecutor.execute(TestSuiteExecutor.java:106)
	at com.kms.katalon.core.main.TestCaseMain.startTestSuite(TestCaseMain.java:185)
	at com.kms.katalon.core.main.TestCaseMain$startTestSuite$0.call(Unknown Source)
	at TempTestSuite1657118630330.run(TempTestSuite1657118630330.groovy:36)
Caused by: com.kms.katalon.core.webui.exception.WebElementNotFoundException: Web element with id: 'Object Repository/CreditCard/input_CreditCard' located by '//input[@value='4911 1111 1111 1114']' not found
	at com.kms.katalon.core.webui.common.WebUiCommonHelper.findWebElement(WebUiCommonHelper.java:1370)
	at com.kms.katalon.core.webui.keyword.internal.WebUIAbstractKeyword.findWebElement(WebUIAbstractKeyword.groovy:27)
	at com.kms.katalon.core.webui.keyword.internal.WebUIAbstractKeyword.findWebElement(WebUIAbstractKeyword.groovy:26)
	at com.kms.katalon.core.webui.keyword.builtin.SetTextKeyword$_setText_closure1.doCall(SetTextKeyword.groovy:51)
	at com.kms.katalon.core.webui.keyword.builtin.SetTextKeyword$_setText_closure1.call(SetTextKeyword.groovy)
	at com.kms.katalon.core.webui.keyword.internal.WebUIKeywordMain.runKeyword(WebUIKeywordMain.groovy:20)
	... 22 more]]></system-err>
      </testcase>
      <system-out><![CDATA[2022-07-06 21:43:53 - [TEST_SUITE][FAILED] - Trial Running 06-07-2022: Test Cases/Success/DM4 - Sukses checkout dengan Promo installment FAILED.
Reason:
com.kms.katalon.core.exception.StepFailedException: Unable to set text '112233' of object 'Object Repository/Confirm OTP credit Card/otpField'
	at com.kms.katalon.core.webui.keyword.internal.WebUIKeywordMain.stepFailed(WebUIKeywordMain.groovy:64)
	at com.kms.katalon.core.webui.keyword.internal.WebUIKeywordMain.runKeyword(WebUIKeywordMain.groovy:26)
	at com.kms.katalon.core.webui.keyword.builtin.SetTextKeyword.setText(SetTextKeyword.groovy:66)
	at com.kms.katalon.core.webui.keyword.builtin.SetTextKeyword.execute(SetTextKeyword.groovy:37)
	at com.kms.katalon.core.keyword.internal.KeywordExecutor.executeKeywordForPlatform(KeywordExecutor.groovy:74)
	at com.kms.katalon.core.webui.keyword.WebUiBuiltInKeywords.setText(WebUiBuiltInKeywords.groovy:980)
	at com.kms.katalon.core.webui.keyword.WebUiBuiltInKeywords$setText$5.call(Unknown Source)
	at DM4 - Sukses checkout dengan Promo installment.run(DM4 - Sukses checkout dengan Promo installment:102)
	at com.kms.katalon.core.main.ScriptEngine.run(ScriptEngine.java:194)
	at com.kms.katalon.core.main.ScriptEngine.runScriptAsRawText(ScriptEngine.java:119)
	at com.kms.katalon.core.main.TestCaseExecutor.runScript(TestCaseExecutor.java:445)
	at com.kms.katalon.core.main.TestCaseExecutor.doExecute(TestCaseExecutor.java:436)
	at com.kms.katalon.core.main.TestCaseExecutor.processExecutionPhase(TestCaseExecutor.java:415)
	at com.kms.katalon.core.main.TestCaseExecutor.accessMainPhase(TestCaseExecutor.java:407)
	at com.kms.katalon.core.main.TestCaseExecutor.execute(TestCaseExecutor.java:284)
	at com.kms.katalon.core.common.CommonExecutor.accessTestCaseMainPhase(CommonExecutor.java:65)
	at com.kms.katalon.core.main.TestSuiteExecutor.accessTestSuiteMainPhase(TestSuiteExecutor.java:144)
	at com.kms.katalon.core.main.TestSuiteExecutor.execute(TestSuiteExecutor.java:106)
	at com.kms.katalon.core.main.TestCaseMain.startTestSuite(TestCaseMain.java:185)
	at com.kms.katalon.core.main.TestCaseMain$startTestSuite$0.call(Unknown Source)
	at TempTestSuite1657118630330.run(TempTestSuite1657118630330.groovy:36)
Caused by: com.kms.katalon.core.webui.exception.WebElementNotFoundException: Web element with id: 'Object Repository/Confirm OTP credit Card/otpField' located by '//*[@id = 'PaRes']' not found
	at com.kms.katalon.core.webui.common.WebUiCommonHelper.findWebElement(WebUiCommonHelper.java:1370)
	at com.kms.katalon.core.webui.keyword.internal.WebUIAbstractKeyword.findWebElement(WebUIAbstractKeyword.groovy:27)
	at com.kms.katalon.core.webui.keyword.internal.WebUIAbstractKeyword.findWebElement(WebUIAbstractKeyword.groovy:26)
	at com.kms.katalon.core.webui.keyword.builtin.SetTextKeyword$_setText_closure1.doCall(SetTextKeyword.groovy:51)
	at com.kms.katalon.core.webui.keyword.builtin.SetTextKeyword$_setText_closure1.call(SetTextKeyword.groovy)
	at com.kms.katalon.core.webui.keyword.internal.WebUIKeywordMain.runKeyword(WebUIKeywordMain.groovy:20)
	... 19 more]]></system-out>
      <system-err><![CDATA[2022-07-06 21:43:53 - [TEST_SUITE][FAILED] - Trial Running 06-07-2022: Test Cases/Success/DM4 - Sukses checkout dengan Promo installment FAILED.
Reason:
com.kms.katalon.core.exception.StepFailedException: Unable to set text '112233' of object 'Object Repository/Confirm OTP credit Card/otpField'
	at com.kms.katalon.core.webui.keyword.internal.WebUIKeywordMain.stepFailed(WebUIKeywordMain.groovy:64)
	at com.kms.katalon.core.webui.keyword.internal.WebUIKeywordMain.runKeyword(WebUIKeywordMain.groovy:26)
	at com.kms.katalon.core.webui.keyword.builtin.SetTextKeyword.setText(SetTextKeyword.groovy:66)
	at com.kms.katalon.core.webui.keyword.builtin.SetTextKeyword.execute(SetTextKeyword.groovy:37)
	at com.kms.katalon.core.keyword.internal.KeywordExecutor.executeKeywordForPlatform(KeywordExecutor.groovy:74)
	at com.kms.katalon.core.webui.keyword.WebUiBuiltInKeywords.setText(WebUiBuiltInKeywords.groovy:980)
	at com.kms.katalon.core.webui.keyword.WebUiBuiltInKeywords$setText$5.call(Unknown Source)
	at DM4 - Sukses checkout dengan Promo installment.run(DM4 - Sukses checkout dengan Promo installment:102)
	at com.kms.katalon.core.main.ScriptEngine.run(ScriptEngine.java:194)
	at com.kms.katalon.core.main.ScriptEngine.runScriptAsRawText(ScriptEngine.java:119)
	at com.kms.katalon.core.main.TestCaseExecutor.runScript(TestCaseExecutor.java:445)
	at com.kms.katalon.core.main.TestCaseExecutor.doExecute(TestCaseExecutor.java:436)
	at com.kms.katalon.core.main.TestCaseExecutor.processExecutionPhase(TestCaseExecutor.java:415)
	at com.kms.katalon.core.main.TestCaseExecutor.accessMainPhase(TestCaseExecutor.java:407)
	at com.kms.katalon.core.main.TestCaseExecutor.execute(TestCaseExecutor.java:284)
	at com.kms.katalon.core.common.CommonExecutor.accessTestCaseMainPhase(CommonExecutor.java:65)
	at com.kms.katalon.core.main.TestSuiteExecutor.accessTestSuiteMainPhase(TestSuiteExecutor.java:144)
	at com.kms.katalon.core.main.TestSuiteExecutor.execute(TestSuiteExecutor.java:106)
	at com.kms.katalon.core.main.TestCaseMain.startTestSuite(TestCaseMain.java:185)
	at com.kms.katalon.core.main.TestCaseMain$startTestSuite$0.call(Unknown Source)
	at TempTestSuite1657118630330.run(TempTestSuite1657118630330.groovy:36)
Caused by: com.kms.katalon.core.webui.exception.WebElementNotFoundException: Web element with id: 'Object Repository/Confirm OTP credit Card/otpField' located by '//*[@id = 'PaRes']' not found
	at com.kms.katalon.core.webui.common.WebUiCommonHelper.findWebElement(WebUiCommonHelper.java:1370)
	at com.kms.katalon.core.webui.keyword.internal.WebUIAbstractKeyword.findWebElement(WebUIAbstractKeyword.groovy:27)
	at com.kms.katalon.core.webui.keyword.internal.WebUIAbstractKeyword.findWebElement(WebUIAbstractKeyword.groovy:26)
	at com.kms.katalon.core.webui.keyword.builtin.SetTextKeyword$_setText_closure1.doCall(SetTextKeyword.groovy:51)
	at com.kms.katalon.core.webui.keyword.builtin.SetTextKeyword$_setText_closure1.call(SetTextKeyword.groovy)
	at com.kms.katalon.core.webui.keyword.internal.WebUIKeywordMain.runKeyword(WebUIKeywordMain.groovy:20)
	... 19 more]]></system-err>
   </testsuite>
</testsuites>
